You are using YYP Maker v1.1.4, released in 31-03-2022



[16-07-2022 20:41:45] Initialized GameMaker Project: gmtk2022.yyp
[16-07-2022 20:41:45] Current parent directory: M:/Games/gmtk2022/gmtk2022/animcurves
[16-07-2022 20:41:45] Current parent directory: M:/Games/gmtk2022/gmtk2022/extensions
[16-07-2022 20:41:45] Current parent directory: M:/Games/gmtk2022/gmtk2022/fonts
[16-07-2022 20:41:45] Current parent directory: M:/Games/gmtk2022/gmtk2022/notes
[16-07-2022 20:41:45] Current parent directory: M:/Games/gmtk2022/gmtk2022/objects
[16-07-2022 20:41:45] Checking par_bricklike
[16-07-2022 20:41:45] Directory: M:/Games/gmtk2022/gmtk2022/objects/par_bricklike
[16-07-2022 20:41:45] Checking obj_shooter
[16-07-2022 20:41:45] Directory: M:/Games/gmtk2022/gmtk2022/objects/obj_shooter
[16-07-2022 20:41:45] Checking obj_hit_small
[16-07-2022 20:41:45] Directory: M:/Games/gmtk2022/gmtk2022/objects/obj_hit_small
[16-07-2022 20:41:45] Checking obj_hit_medium
[16-07-2022 20:41:45] Directory: M:/Games/gmtk2022/gmtk2022/objects/obj_hit_medium
[16-07-2022 20:41:45] Checking obj_hit_large
[16-07-2022 20:41:45] Directory: M:/Games/gmtk2022/gmtk2022/objects/obj_hit_large
[16-07-2022 20:41:45] Checking obj_fx
[16-07-2022 20:41:45] Directory: M:/Games/gmtk2022/gmtk2022/objects/obj_fx
[16-07-2022 20:41:45] Checking obj_dice
[16-07-2022 20:41:45] Directory: M:/Games/gmtk2022/gmtk2022/objects/obj_dice
[16-07-2022 20:41:45] Checking obj_coin_pouch
[16-07-2022 20:41:45] Directory: M:/Games/gmtk2022/gmtk2022/objects/obj_coin_pouch
[16-07-2022 20:41:45] Checking obj_coin
[16-07-2022 20:41:45] Directory: M:/Games/gmtk2022/gmtk2022/objects/obj_coin
[16-07-2022 20:41:45] Checking obj_chip_effect
[16-07-2022 20:41:45] Directory: M:/Games/gmtk2022/gmtk2022/objects/obj_chip_effect
[16-07-2022 20:41:45] Checking obj_chip
[16-07-2022 20:41:45] Directory: M:/Games/gmtk2022/gmtk2022/objects/obj_chip
[16-07-2022 20:41:45] Checking obj_cash_wad
[16-07-2022 20:41:45] Directory: M:/Games/gmtk2022/gmtk2022/objects/obj_cash_wad
[16-07-2022 20:41:45] Checking obj_bumper
[16-07-2022 20:41:45] Directory: M:/Games/gmtk2022/gmtk2022/objects/obj_bumper
[16-07-2022 20:41:45] Checking obj_board
[16-07-2022 20:41:45] Directory: M:/Games/gmtk2022/gmtk2022/objects/obj_board
[16-07-2022 20:41:45] Checking obj_block_large
[16-07-2022 20:41:45] Directory: M:/Games/gmtk2022/gmtk2022/objects/obj_block_large
[16-07-2022 20:41:45] Checking obj_block
[16-07-2022 20:41:45] Directory: M:/Games/gmtk2022/gmtk2022/objects/obj_block
[16-07-2022 20:41:45] Checking obj_banknote
[16-07-2022 20:41:45] Directory: M:/Games/gmtk2022/gmtk2022/objects/obj_banknote
[16-07-2022 20:41:45] Current parent directory: M:/Games/gmtk2022/gmtk2022/objects/obj_banknote
[16-07-2022 20:41:45] Checking Step_2.gml
[16-07-2022 20:41:45] Checking Step_0.gml
[16-07-2022 20:41:45] Checking obj_banknote.yy
[16-07-2022 20:41:45] Parsing M:/Games/gmtk2022/gmtk2022/objects/obj_banknote/obj_banknote.yy
[16-07-2022 20:41:45] Reading M:/Games/gmtk2022/gmtk2022/objects/obj_banknote/obj_banknote.yy
[16-07-2022 20:41:45] Par: "folders/objects/blocks" at dir: "M:/Games/gmtk2022/gmtk2022/objects/obj_banknote/obj_banknote.yy"
[16-07-2022 20:41:45] Found Object: obj_banknote
[16-07-2022 20:41:45] Checking Create_0.gml
[16-07-2022 20:41:45] Checking Collision_obj_shooter.gml
[16-07-2022 20:41:45] Checking Collision_obj_chip.gml
[16-07-2022 20:41:45] Checking Collision_obj_bumper.gml
[16-07-2022 20:41:45] Checking Collision_obj_block.gml
[16-07-2022 20:41:45] Current parent directory: M:/Games/gmtk2022/gmtk2022/objects/obj_block
[16-07-2022 20:41:45] Checking obj_block.yy
[16-07-2022 20:41:45] Parsing M:/Games/gmtk2022/gmtk2022/objects/obj_block/obj_block.yy
[16-07-2022 20:41:45] Reading M:/Games/gmtk2022/gmtk2022/objects/obj_block/obj_block.yy
[16-07-2022 20:41:45] Par: "folders/objects/blocks" at dir: "M:/Games/gmtk2022/gmtk2022/objects/obj_block/obj_block.yy"
[16-07-2022 20:41:45] Found Object: obj_block
[16-07-2022 20:41:45] Checking Create_0.gml
[16-07-2022 20:41:45] Checking Alarm_0.gml
[16-07-2022 20:41:45] Current parent directory: M:/Games/gmtk2022/gmtk2022/objects/obj_block_large
[16-07-2022 20:41:45] Checking obj_block_large.yy
[16-07-2022 20:41:45] Parsing M:/Games/gmtk2022/gmtk2022/objects/obj_block_large/obj_block_large.yy
[16-07-2022 20:41:45] Reading M:/Games/gmtk2022/gmtk2022/objects/obj_block_large/obj_block_large.yy
[16-07-2022 20:41:45] Par: "folders/objects/blocks" at dir: "M:/Games/gmtk2022/gmtk2022/objects/obj_block_large/obj_block_large.yy"
[16-07-2022 20:41:45] Found Object: obj_block_large
[16-07-2022 20:41:45] Checking Create_0.gml
[16-07-2022 20:41:45] Current parent directory: M:/Games/gmtk2022/gmtk2022/objects/obj_board
[16-07-2022 20:41:45] Checking Step_0.gml
[16-07-2022 20:41:45] Checking obj_board.yy
[16-07-2022 20:41:45] Parsing M:/Games/gmtk2022/gmtk2022/objects/obj_board/obj_board.yy
[16-07-2022 20:41:45] Reading M:/Games/gmtk2022/gmtk2022/objects/obj_board/obj_board.yy
[16-07-2022 20:41:45] Par: "folders/objects" at dir: "M:/Games/gmtk2022/gmtk2022/objects/obj_board/obj_board.yy"
[16-07-2022 20:41:45] Found Object: obj_board
[16-07-2022 20:41:45] Checking Draw_0.gml
[16-07-2022 20:41:45] Checking Create_0.gml
[16-07-2022 20:41:45] Current parent directory: M:/Games/gmtk2022/gmtk2022/objects/obj_bumper
[16-07-2022 20:41:45] Checking Other_7.gml
[16-07-2022 20:41:45] Checking obj_bumper.yy
[16-07-2022 20:41:45] Parsing M:/Games/gmtk2022/gmtk2022/objects/obj_bumper/obj_bumper.yy
[16-07-2022 20:41:45] Reading M:/Games/gmtk2022/gmtk2022/objects/obj_bumper/obj_bumper.yy
[16-07-2022 20:41:45] Par: "folders/objects/blocks" at dir: "M:/Games/gmtk2022/gmtk2022/objects/obj_bumper/obj_bumper.yy"
[16-07-2022 20:41:45] Found Object: obj_bumper
[16-07-2022 20:41:45] Checking Create_0.gml
[16-07-2022 20:41:45] Current parent directory: M:/Games/gmtk2022/gmtk2022/objects/obj_cash_wad
[16-07-2022 20:41:45] Checking obj_cash_wad.yy
[16-07-2022 20:41:45] Parsing M:/Games/gmtk2022/gmtk2022/objects/obj_cash_wad/obj_cash_wad.yy
[16-07-2022 20:41:45] Reading M:/Games/gmtk2022/gmtk2022/objects/obj_cash_wad/obj_cash_wad.yy
[16-07-2022 20:41:45] Par: "folders/objects/blocks" at dir: "M:/Games/gmtk2022/gmtk2022/objects/obj_cash_wad/obj_cash_wad.yy"
[16-07-2022 20:41:45] Found Object: obj_cash_wad
[16-07-2022 20:41:45] Checking Destroy_0.gml
[16-07-2022 20:41:45] Checking Create_0.gml
[16-07-2022 20:41:45] Checking Collision_obj_dice.gml
[16-07-2022 20:41:45] Current parent directory: M:/Games/gmtk2022/gmtk2022/objects/obj_chip
[16-07-2022 20:41:45] Checking Step_2.gml
[16-07-2022 20:41:45] Checking obj_chip.yy
[16-07-2022 20:41:45] Parsing M:/Games/gmtk2022/gmtk2022/objects/obj_chip/obj_chip.yy
[16-07-2022 20:41:45] Reading M:/Games/gmtk2022/gmtk2022/objects/obj_chip/obj_chip.yy
[16-07-2022 20:41:45] Par: "folders/objects" at dir: "M:/Games/gmtk2022/gmtk2022/objects/obj_chip/obj_chip.yy"
[16-07-2022 20:41:45] Found Object: obj_chip
[16-07-2022 20:41:45] Checking Destroy_0.gml
[16-07-2022 20:41:45] Checking Collision_obj_block.gml
[16-07-2022 20:41:45] Current parent directory: M:/Games/gmtk2022/gmtk2022/objects/obj_chip_effect
[16-07-2022 20:41:45] Checking Step_0.gml
[16-07-2022 20:41:45] Checking obj_chip_effect.yy
[16-07-2022 20:41:45] Parsing M:/Games/gmtk2022/gmtk2022/objects/obj_chip_effect/obj_chip_effect.yy
[16-07-2022 20:41:45] Reading M:/Games/gmtk2022/gmtk2022/objects/obj_chip_effect/obj_chip_effect.yy
[16-07-2022 20:41:45] Par: "folders/objects" at dir: "M:/Games/gmtk2022/gmtk2022/objects/obj_chip_effect/obj_chip_effect.yy"
[16-07-2022 20:41:45] Found Object: obj_chip_effect
[16-07-2022 20:41:45] Checking Create_0.gml
[16-07-2022 20:41:45] Checking Alarm_0.gml
[16-07-2022 20:41:45] Current parent directory: M:/Games/gmtk2022/gmtk2022/objects/obj_coin
[16-07-2022 20:41:45] Checking Step_2.gml
[16-07-2022 20:41:45] Checking Step_0.gml
[16-07-2022 20:41:45] Checking obj_coin.yy
[16-07-2022 20:41:45] Parsing M:/Games/gmtk2022/gmtk2022/objects/obj_coin/obj_coin.yy
[16-07-2022 20:41:45] Reading M:/Games/gmtk2022/gmtk2022/objects/obj_coin/obj_coin.yy
[16-07-2022 20:41:45] Par: "folders/objects/blocks" at dir: "M:/Games/gmtk2022/gmtk2022/objects/obj_coin/obj_coin.yy"
[16-07-2022 20:41:45] Found Object: obj_coin
[16-07-2022 20:41:45] Checking Create_0.gml
[16-07-2022 20:41:45] Checking Collision_obj_shooter.gml
[16-07-2022 20:41:45] Checking Collision_obj_chip.gml
[16-07-2022 20:41:45] Checking Collision_obj_bumper.gml
[16-07-2022 20:41:45] Checking Collision_obj_block.gml
[16-07-2022 20:41:45] Current parent directory: M:/Games/gmtk2022/gmtk2022/objects/obj_coin_pouch
[16-07-2022 20:41:45] Checking obj_coin_pouch.yy
[16-07-2022 20:41:45] Parsing M:/Games/gmtk2022/gmtk2022/objects/obj_coin_pouch/obj_coin_pouch.yy
[16-07-2022 20:41:45] Reading M:/Games/gmtk2022/gmtk2022/objects/obj_coin_pouch/obj_coin_pouch.yy
[16-07-2022 20:41:45] Par: "folders/objects/blocks" at dir: "M:/Games/gmtk2022/gmtk2022/objects/obj_coin_pouch/obj_coin_pouch.yy"
[16-07-2022 20:41:45] Found Object: obj_coin_pouch
[16-07-2022 20:41:45] Checking Destroy_0.gml
[16-07-2022 20:41:45] Checking Create_0.gml
[16-07-2022 20:41:45] Checking Collision_obj_dice.gml
[16-07-2022 20:41:45] Current parent directory: M:/Games/gmtk2022/gmtk2022/objects/obj_dice
[16-07-2022 20:41:45] Checking Step_2.gml
[16-07-2022 20:41:45] Checking Step_0.gml
[16-07-2022 20:41:45] Checking obj_dice.yy
[16-07-2022 20:41:45] Parsing M:/Games/gmtk2022/gmtk2022/objects/obj_dice/obj_dice.yy
[16-07-2022 20:41:45] Reading M:/Games/gmtk2022/gmtk2022/objects/obj_dice/obj_dice.yy
[16-07-2022 20:41:45] Par: "folders/objects" at dir: "M:/Games/gmtk2022/gmtk2022/objects/obj_dice/obj_dice.yy"
[16-07-2022 20:41:45] Found Object: obj_dice
[16-07-2022 20:41:45] Checking Create_0.gml
[16-07-2022 20:41:45] Checking Collision_obj_coin_pouch.gml
[16-07-2022 20:41:45] Checking Collision_obj_chip.gml
[16-07-2022 20:41:45] Checking Collision_obj_bumper.gml
[16-07-2022 20:41:45] Checking Collision_obj_board.gml
[16-07-2022 20:41:45] Checking Collision_obj_block.gml
[16-07-2022 20:41:45] Checking Alarm_0.gml
[16-07-2022 20:41:45] Current parent directory: M:/Games/gmtk2022/gmtk2022/objects/obj_fx
[16-07-2022 20:41:45] Checking Other_7.gml
[16-07-2022 20:41:45] Checking obj_fx.yy
[16-07-2022 20:41:45] Parsing M:/Games/gmtk2022/gmtk2022/objects/obj_fx/obj_fx.yy
[16-07-2022 20:41:45] Reading M:/Games/gmtk2022/gmtk2022/objects/obj_fx/obj_fx.yy
[16-07-2022 20:41:45] Par: "folders/objects/fx" at dir: "M:/Games/gmtk2022/gmtk2022/objects/obj_fx/obj_fx.yy"
[16-07-2022 20:41:45] Found Object: obj_fx
[16-07-2022 20:41:45] Checking Create_0.gml
[16-07-2022 20:41:45] Current parent directory: M:/Games/gmtk2022/gmtk2022/objects/obj_hit_large
[16-07-2022 20:41:45] Checking obj_hit_large.yy
[16-07-2022 20:41:45] Parsing M:/Games/gmtk2022/gmtk2022/objects/obj_hit_large/obj_hit_large.yy
[16-07-2022 20:41:45] Reading M:/Games/gmtk2022/gmtk2022/objects/obj_hit_large/obj_hit_large.yy
[16-07-2022 20:41:45] Par: "folders/objects/fx" at dir: "M:/Games/gmtk2022/gmtk2022/objects/obj_hit_large/obj_hit_large.yy"
[16-07-2022 20:41:45] Found Object: obj_hit_large
[16-07-2022 20:41:45] Current parent directory: M:/Games/gmtk2022/gmtk2022/objects/obj_hit_medium
[16-07-2022 20:41:45] Checking obj_hit_medium.yy
[16-07-2022 20:41:45] Parsing M:/Games/gmtk2022/gmtk2022/objects/obj_hit_medium/obj_hit_medium.yy
[16-07-2022 20:41:45] Reading M:/Games/gmtk2022/gmtk2022/objects/obj_hit_medium/obj_hit_medium.yy
[16-07-2022 20:41:45] Par: "folders/objects/fx" at dir: "M:/Games/gmtk2022/gmtk2022/objects/obj_hit_medium/obj_hit_medium.yy"
[16-07-2022 20:41:45] Found Object: obj_hit_medium
[16-07-2022 20:41:45] Current parent directory: M:/Games/gmtk2022/gmtk2022/objects/obj_hit_small
[16-07-2022 20:41:45] Checking obj_hit_small.yy
[16-07-2022 20:41:45] Parsing M:/Games/gmtk2022/gmtk2022/objects/obj_hit_small/obj_hit_small.yy
[16-07-2022 20:41:45] Reading M:/Games/gmtk2022/gmtk2022/objects/obj_hit_small/obj_hit_small.yy
[16-07-2022 20:41:45] Par: "folders/objects/fx" at dir: "M:/Games/gmtk2022/gmtk2022/objects/obj_hit_small/obj_hit_small.yy"
[16-07-2022 20:41:45] Found Object: obj_hit_small
[16-07-2022 20:41:45] Current parent directory: M:/Games/gmtk2022/gmtk2022/objects/obj_shooter
[16-07-2022 20:41:45] Checking Step_2.gml
[16-07-2022 20:41:45] Checking Step_0.gml
[16-07-2022 20:41:45] Checking Other_7.gml
[16-07-2022 20:41:45] Checking obj_shooter.yy
[16-07-2022 20:41:45] Parsing M:/Games/gmtk2022/gmtk2022/objects/obj_shooter/obj_shooter.yy
[16-07-2022 20:41:45] Reading M:/Games/gmtk2022/gmtk2022/objects/obj_shooter/obj_shooter.yy
[16-07-2022 20:41:45] Par: "folders/objects" at dir: "M:/Games/gmtk2022/gmtk2022/objects/obj_shooter/obj_shooter.yy"
[16-07-2022 20:41:45] Found Object: obj_shooter
[16-07-2022 20:41:45] Checking Draw_0.gml
[16-07-2022 20:41:45] Checking Create_0.gml
[16-07-2022 20:41:45] Checking Collision_obj_dice.gml
[16-07-2022 20:41:45] Current parent directory: M:/Games/gmtk2022/gmtk2022/objects/par_bricklike
[16-07-2022 20:41:45] Checking par_bricklike.yy
[16-07-2022 20:41:45] Parsing M:/Games/gmtk2022/gmtk2022/objects/par_bricklike/par_bricklike.yy
[16-07-2022 20:41:45] Reading M:/Games/gmtk2022/gmtk2022/objects/par_bricklike/par_bricklike.yy
[16-07-2022 20:41:45] Par: "folders/objects/blocks" at dir: "M:/Games/gmtk2022/gmtk2022/objects/par_bricklike/par_bricklike.yy"
[16-07-2022 20:41:45] Found Object: par_bricklike
[16-07-2022 20:41:45] Current parent directory: M:/Games/gmtk2022/gmtk2022/options
[16-07-2022 20:41:45] Checking windows
[16-07-2022 20:41:45] Directory: M:/Games/gmtk2022/gmtk2022/options/windows
[16-07-2022 20:41:45] Checking operagx
[16-07-2022 20:41:45] Directory: M:/Games/gmtk2022/gmtk2022/options/operagx
[16-07-2022 20:41:45] Checking main
[16-07-2022 20:41:45] Directory: M:/Games/gmtk2022/gmtk2022/options/main
[16-07-2022 20:41:45] Checking mac
[16-07-2022 20:41:45] Directory: M:/Games/gmtk2022/gmtk2022/options/mac
[16-07-2022 20:41:45] Checking linux
[16-07-2022 20:41:45] Directory: M:/Games/gmtk2022/gmtk2022/options/linux
[16-07-2022 20:41:45] Current parent directory: M:/Games/gmtk2022/gmtk2022/options/linux
[16-07-2022 20:41:45] Checking options_linux.yy
[16-07-2022 20:41:45] Parsing M:/Games/gmtk2022/gmtk2022/options/linux/options_linux.yy
[16-07-2022 20:41:45] Reading M:/Games/gmtk2022/gmtk2022/options/linux/options_linux.yy
[16-07-2022 20:41:45] Current parent directory: M:/Games/gmtk2022/gmtk2022/options/mac
[16-07-2022 20:41:45] Checking options_mac.yy
[16-07-2022 20:41:45] Parsing M:/Games/gmtk2022/gmtk2022/options/mac/options_mac.yy
[16-07-2022 20:41:45] Reading M:/Games/gmtk2022/gmtk2022/options/mac/options_mac.yy
[16-07-2022 20:41:45] Current parent directory: M:/Games/gmtk2022/gmtk2022/options/main
[16-07-2022 20:41:45] Checking options_main.yy
[16-07-2022 20:41:45] Parsing M:/Games/gmtk2022/gmtk2022/options/main/options_main.yy
[16-07-2022 20:41:45] Reading M:/Games/gmtk2022/gmtk2022/options/main/options_main.yy
[16-07-2022 20:41:45] Current parent directory: M:/Games/gmtk2022/gmtk2022/options/operagx
[16-07-2022 20:41:45] Checking options_operagx.yy
[16-07-2022 20:41:45] Parsing M:/Games/gmtk2022/gmtk2022/options/operagx/options_operagx.yy
[16-07-2022 20:41:45] Reading M:/Games/gmtk2022/gmtk2022/options/operagx/options_operagx.yy
[16-07-2022 20:41:45] Current parent directory: M:/Games/gmtk2022/gmtk2022/options/windows
[16-07-2022 20:41:45] Checking options_windows.yy
[16-07-2022 20:41:45] Parsing M:/Games/gmtk2022/gmtk2022/options/windows/options_windows.yy
[16-07-2022 20:41:45] Reading M:/Games/gmtk2022/gmtk2022/options/windows/options_windows.yy
[16-07-2022 20:41:45] Current parent directory: M:/Games/gmtk2022/gmtk2022/paths
[16-07-2022 20:41:45] Current parent directory: M:/Games/gmtk2022/gmtk2022/rooms
[16-07-2022 20:41:45] Checking room_test
[16-07-2022 20:41:45] Directory: M:/Games/gmtk2022/gmtk2022/rooms/room_test
[16-07-2022 20:41:45] Checking parent_room
[16-07-2022 20:41:45] Directory: M:/Games/gmtk2022/gmtk2022/rooms/parent_room
[16-07-2022 20:41:45] Checking a_roominit
[16-07-2022 20:41:45] Directory: M:/Games/gmtk2022/gmtk2022/rooms/a_roominit
[16-07-2022 20:41:45] Current parent directory: M:/Games/gmtk2022/gmtk2022/rooms/a_roominit
[16-07-2022 20:41:45] Checking RoomCreationCode.gml
[16-07-2022 20:41:45] Checking a_roominit.yy
[16-07-2022 20:41:45] Parsing M:/Games/gmtk2022/gmtk2022/rooms/a_roominit/a_roominit.yy
[16-07-2022 20:41:46] Reading M:/Games/gmtk2022/gmtk2022/rooms/a_roominit/a_roominit.yy
[16-07-2022 20:41:46] Par: "folders/Rooms" at dir: "M:/Games/gmtk2022/gmtk2022/rooms/a_roominit/a_roominit.yy"
[16-07-2022 20:41:46] Found Room: a_roominit
[16-07-2022 20:41:46] Current parent directory: M:/Games/gmtk2022/gmtk2022/rooms/parent_room
[16-07-2022 20:41:46] Checking RoomCreationCode.gml
[16-07-2022 20:41:46] Checking parent_room.yy
[16-07-2022 20:41:46] Parsing M:/Games/gmtk2022/gmtk2022/rooms/parent_room/parent_room.yy
[16-07-2022 20:41:46] Reading M:/Games/gmtk2022/gmtk2022/rooms/parent_room/parent_room.yy
[16-07-2022 20:41:46] Par: "folders/Rooms" at dir: "M:/Games/gmtk2022/gmtk2022/rooms/parent_room/parent_room.yy"
[16-07-2022 20:41:46] Found Room: parent_room
[16-07-2022 20:41:46] Current parent directory: M:/Games/gmtk2022/gmtk2022/rooms/room_test
[16-07-2022 20:41:46] Checking room_test.yy
[16-07-2022 20:41:46] Parsing M:/Games/gmtk2022/gmtk2022/rooms/room_test/room_test.yy
[16-07-2022 20:41:46] Reading M:/Games/gmtk2022/gmtk2022/rooms/room_test/room_test.yy
[16-07-2022 20:41:46] Par: "folders/Rooms" at dir: "M:/Games/gmtk2022/gmtk2022/rooms/room_test/room_test.yy"
[16-07-2022 20:41:46] Found Room: room_test
[16-07-2022 20:41:46] Current parent directory: M:/Games/gmtk2022/gmtk2022/scripts
[16-07-2022 20:41:46] Checking vector_get_length_on_axis
[16-07-2022 20:41:46] Directory: M:/Games/gmtk2022/gmtk2022/scripts/vector_get_length_on_axis
[16-07-2022 20:41:46] Checking stay_inside_board
[16-07-2022 20:41:46] Directory: M:/Games/gmtk2022/gmtk2022/scripts/stay_inside_board
[16-07-2022 20:41:46] Checking sound_play_pitch
[16-07-2022 20:41:46] Directory: M:/Games/gmtk2022/gmtk2022/scripts/sound_play_pitch
[16-07-2022 20:41:46] Checking scr_movement
[16-07-2022 20:41:46] Directory: M:/Games/gmtk2022/gmtk2022/scripts/scr_movement
[16-07-2022 20:41:46] Checking scr_input
[16-07-2022 20:41:46] Directory: M:/Games/gmtk2022/gmtk2022/scripts/scr_input
[16-07-2022 20:41:46] Checking scr_dice_land
[16-07-2022 20:41:46] Directory: M:/Games/gmtk2022/gmtk2022/scripts/scr_dice_land
[16-07-2022 20:41:46] Checking scrinit
[16-07-2022 20:41:46] Directory: M:/Games/gmtk2022/gmtk2022/scripts/scrinit
[16-07-2022 20:41:46] Checking on_dice_bounce
[16-07-2022 20:41:46] Directory: M:/Games/gmtk2022/gmtk2022/scripts/on_dice_bounce
[16-07-2022 20:41:46] Checking logics
[16-07-2022 20:41:46] Directory: M:/Games/gmtk2022/gmtk2022/scripts/logics
[16-07-2022 20:41:46] Checking is_outside_board
[16-07-2022 20:41:46] Directory: M:/Games/gmtk2022/gmtk2022/scripts/is_outside_board
[16-07-2022 20:41:46] Checking fill_with_blocks
[16-07-2022 20:41:46] Directory: M:/Games/gmtk2022/gmtk2022/scripts/fill_with_blocks
[16-07-2022 20:41:46] Current parent directory: M:/Games/gmtk2022/gmtk2022/scripts/fill_with_blocks
[16-07-2022 20:41:46] Checking fill_with_blocks.yy
[16-07-2022 20:41:46] Parsing M:/Games/gmtk2022/gmtk2022/scripts/fill_with_blocks/fill_with_blocks.yy
[16-07-2022 20:41:46] Reading M:/Games/gmtk2022/gmtk2022/scripts/fill_with_blocks/fill_with_blocks.yy
[16-07-2022 20:41:46] Par: "folders/Scripts" at dir: "M:/Games/gmtk2022/gmtk2022/scripts/fill_with_blocks/fill_with_blocks.yy"
[16-07-2022 20:41:46] Found Script: fill_with_blocks
[16-07-2022 20:41:46] Checking fill_with_blocks.gml
[16-07-2022 20:41:46] Current parent directory: M:/Games/gmtk2022/gmtk2022/scripts/is_outside_board
[16-07-2022 20:41:46] Checking is_outside_board.yy
[16-07-2022 20:41:46] Parsing M:/Games/gmtk2022/gmtk2022/scripts/is_outside_board/is_outside_board.yy
[16-07-2022 20:41:46] Reading M:/Games/gmtk2022/gmtk2022/scripts/is_outside_board/is_outside_board.yy
[16-07-2022 20:41:46] Par: "folders/Scripts" at dir: "M:/Games/gmtk2022/gmtk2022/scripts/is_outside_board/is_outside_board.yy"
[16-07-2022 20:41:46] Found Script: is_outside_board
[16-07-2022 20:41:46] Checking is_outside_board.gml
[16-07-2022 20:41:46] Current parent directory: M:/Games/gmtk2022/gmtk2022/scripts/logics
[16-07-2022 20:41:46] Checking logics.yy
[16-07-2022 20:41:46] Parsing M:/Games/gmtk2022/gmtk2022/scripts/logics/logics.yy
[16-07-2022 20:41:46] Reading M:/Games/gmtk2022/gmtk2022/scripts/logics/logics.yy
[16-07-2022 20:41:46] Par: "folders/Scripts" at dir: "M:/Games/gmtk2022/gmtk2022/scripts/logics/logics.yy"
[16-07-2022 20:41:46] Found Script: logics
[16-07-2022 20:41:46] Checking logics.gml
[16-07-2022 20:41:46] Current parent directory: M:/Games/gmtk2022/gmtk2022/scripts/on_dice_bounce
[16-07-2022 20:41:46] Checking on_dice_bounce.yy
[16-07-2022 20:41:46] Parsing M:/Games/gmtk2022/gmtk2022/scripts/on_dice_bounce/on_dice_bounce.yy
[16-07-2022 20:41:46] Reading M:/Games/gmtk2022/gmtk2022/scripts/on_dice_bounce/on_dice_bounce.yy
[16-07-2022 20:41:46] Par: "folders/Scripts" at dir: "M:/Games/gmtk2022/gmtk2022/scripts/on_dice_bounce/on_dice_bounce.yy"
[16-07-2022 20:41:46] Found Script: on_dice_bounce
[16-07-2022 20:41:46] Checking on_dice_bounce.gml
[16-07-2022 20:41:46] Current parent directory: M:/Games/gmtk2022/gmtk2022/scripts/scrinit
[16-07-2022 20:41:46] Checking scrinit.yy
[16-07-2022 20:41:46] Parsing M:/Games/gmtk2022/gmtk2022/scripts/scrinit/scrinit.yy
[16-07-2022 20:41:46] Reading M:/Games/gmtk2022/gmtk2022/scripts/scrinit/scrinit.yy
[16-07-2022 20:41:46] Par: "folders/Scripts" at dir: "M:/Games/gmtk2022/gmtk2022/scripts/scrinit/scrinit.yy"
[16-07-2022 20:41:46] Found Script: scrinit
[16-07-2022 20:41:46] Checking scrinit.gml
[16-07-2022 20:41:46] Current parent directory: M:/Games/gmtk2022/gmtk2022/scripts/scr_dice_land
[16-07-2022 20:41:46] Checking scr_dice_land.yy
[16-07-2022 20:41:46] Parsing M:/Games/gmtk2022/gmtk2022/scripts/scr_dice_land/scr_dice_land.yy
[16-07-2022 20:41:46] Reading M:/Games/gmtk2022/gmtk2022/scripts/scr_dice_land/scr_dice_land.yy
[16-07-2022 20:41:46] Par: "folders/Scripts" at dir: "M:/Games/gmtk2022/gmtk2022/scripts/scr_dice_land/scr_dice_land.yy"
[16-07-2022 20:41:46] Found Script: scr_dice_land
[16-07-2022 20:41:46] Checking scr_dice_land.gml
[16-07-2022 20:41:46] Current parent directory: M:/Games/gmtk2022/gmtk2022/scripts/scr_input
[16-07-2022 20:41:46] Checking scr_input.yy
[16-07-2022 20:41:46] Parsing M:/Games/gmtk2022/gmtk2022/scripts/scr_input/scr_input.yy
[16-07-2022 20:41:46] Reading M:/Games/gmtk2022/gmtk2022/scripts/scr_input/scr_input.yy
[16-07-2022 20:41:46] Par: "folders/Scripts" at dir: "M:/Games/gmtk2022/gmtk2022/scripts/scr_input/scr_input.yy"
[16-07-2022 20:41:46] Found Script: scr_input
[16-07-2022 20:41:46] Checking scr_input.gml
[16-07-2022 20:41:46] Current parent directory: M:/Games/gmtk2022/gmtk2022/scripts/scr_movement
[16-07-2022 20:41:46] Checking scr_movement.yy
[16-07-2022 20:41:46] Parsing M:/Games/gmtk2022/gmtk2022/scripts/scr_movement/scr_movement.yy
[16-07-2022 20:41:46] Reading M:/Games/gmtk2022/gmtk2022/scripts/scr_movement/scr_movement.yy
[16-07-2022 20:41:46] Par: "folders/Scripts" at dir: "M:/Games/gmtk2022/gmtk2022/scripts/scr_movement/scr_movement.yy"
[16-07-2022 20:41:46] Found Script: scr_movement
[16-07-2022 20:41:46] Checking scr_movement.gml
[16-07-2022 20:41:46] Current parent directory: M:/Games/gmtk2022/gmtk2022/scripts/sound_play_pitch
[16-07-2022 20:41:46] Checking sound_play_pitch.yy
[16-07-2022 20:41:46] Parsing M:/Games/gmtk2022/gmtk2022/scripts/sound_play_pitch/sound_play_pitch.yy
[16-07-2022 20:41:46] Reading M:/Games/gmtk2022/gmtk2022/scripts/sound_play_pitch/sound_play_pitch.yy
[16-07-2022 20:41:46] Par: "folders/Scripts" at dir: "M:/Games/gmtk2022/gmtk2022/scripts/sound_play_pitch/sound_play_pitch.yy"
[16-07-2022 20:41:46] Found Script: sound_play_pitch
[16-07-2022 20:41:46] Checking sound_play_pitch.gml
[16-07-2022 20:41:46] Current parent directory: M:/Games/gmtk2022/gmtk2022/scripts/stay_inside_board
[16-07-2022 20:41:46] Checking stay_inside_board.yy
[16-07-2022 20:41:46] Parsing M:/Games/gmtk2022/gmtk2022/scripts/stay_inside_board/stay_inside_board.yy
[16-07-2022 20:41:46] Reading M:/Games/gmtk2022/gmtk2022/scripts/stay_inside_board/stay_inside_board.yy
[16-07-2022 20:41:46] Par: "folders/Scripts" at dir: "M:/Games/gmtk2022/gmtk2022/scripts/stay_inside_board/stay_inside_board.yy"
[16-07-2022 20:41:46] Found Script: stay_inside_board
[16-07-2022 20:41:46] Checking stay_inside_board.gml
[16-07-2022 20:41:46] Current parent directory: M:/Games/gmtk2022/gmtk2022/scripts/vector_get_length_on_axis
[16-07-2022 20:41:46] Checking vector_get_length_on_axis.yy
[16-07-2022 20:41:46] Parsing M:/Games/gmtk2022/gmtk2022/scripts/vector_get_length_on_axis/vector_get_length_on_axis.yy
[16-07-2022 20:41:46] Reading M:/Games/gmtk2022/gmtk2022/scripts/vector_get_length_on_axis/vector_get_length_on_axis.yy
[16-07-2022 20:41:46] Par: "folders/Scripts" at dir: "M:/Games/gmtk2022/gmtk2022/scripts/vector_get_length_on_axis/vector_get_length_on_axis.yy"
[16-07-2022 20:41:46] Found Script: vector_get_length_on_axis
[16-07-2022 20:41:46] Checking vector_get_length_on_axis.gml
[16-07-2022 20:41:46] Current parent directory: M:/Games/gmtk2022/gmtk2022/sequences
[16-07-2022 20:41:46] Current parent directory: M:/Games/gmtk2022/gmtk2022/shaders
[16-07-2022 20:41:46] Current parent directory: M:/Games/gmtk2022/gmtk2022/sounds
[16-07-2022 20:41:46] Checking snd_die_throw
[16-07-2022 20:41:46] Directory: M:/Games/gmtk2022/gmtk2022/sounds/snd_die_throw
[16-07-2022 20:41:46] Checking snd_die_hit_wall
[16-07-2022 20:41:46] Directory: M:/Games/gmtk2022/gmtk2022/sounds/snd_die_hit_wall
[16-07-2022 20:41:46] Checking snd_die_hit_thing
[16-07-2022 20:41:46] Directory: M:/Games/gmtk2022/gmtk2022/sounds/snd_die_hit_thing
[16-07-2022 20:41:46] Checking snd_die_hit_peg
[16-07-2022 20:41:46] Directory: M:/Games/gmtk2022/gmtk2022/sounds/snd_die_hit_peg
[16-07-2022 20:41:46] Checking snd_chip_throw2
[16-07-2022 20:41:46] Directory: M:/Games/gmtk2022/gmtk2022/sounds/snd_chip_throw2
[16-07-2022 20:41:46] Checking snd_chip_throw1
[16-07-2022 20:41:46] Directory: M:/Games/gmtk2022/gmtk2022/sounds/snd_chip_throw1
[16-07-2022 20:41:46] Current parent directory: M:/Games/gmtk2022/gmtk2022/sounds/snd_chip_throw1
[16-07-2022 20:41:46] Checking snd_chip_throw1.yy
[16-07-2022 20:41:46] Parsing M:/Games/gmtk2022/gmtk2022/sounds/snd_chip_throw1/snd_chip_throw1.yy
[16-07-2022 20:41:46] Reading M:/Games/gmtk2022/gmtk2022/sounds/snd_chip_throw1/snd_chip_throw1.yy
[16-07-2022 20:41:46] Par: "folders/Sounds" at dir: "M:/Games/gmtk2022/gmtk2022/sounds/snd_chip_throw1/snd_chip_throw1.yy"
[16-07-2022 20:41:46] Found Sound: snd_chip_throw1
[16-07-2022 20:41:46] Checking snd_chip_throw1.ogg
[16-07-2022 20:41:46] Current parent directory: M:/Games/gmtk2022/gmtk2022/sounds/snd_chip_throw2
[16-07-2022 20:41:46] Checking snd_chip_throw2.yy
[16-07-2022 20:41:46] Parsing M:/Games/gmtk2022/gmtk2022/sounds/snd_chip_throw2/snd_chip_throw2.yy
[16-07-2022 20:41:46] Reading M:/Games/gmtk2022/gmtk2022/sounds/snd_chip_throw2/snd_chip_throw2.yy
[16-07-2022 20:41:46] Par: "folders/Sounds" at dir: "M:/Games/gmtk2022/gmtk2022/sounds/snd_chip_throw2/snd_chip_throw2.yy"
[16-07-2022 20:41:46] Found Sound: snd_chip_throw2
[16-07-2022 20:41:46] Checking snd_chip_throw2.ogg
[16-07-2022 20:41:46] Current parent directory: M:/Games/gmtk2022/gmtk2022/sounds/snd_die_hit_peg
[16-07-2022 20:41:46] Checking snd_die_hit_peg.yy
[16-07-2022 20:41:46] Parsing M:/Games/gmtk2022/gmtk2022/sounds/snd_die_hit_peg/snd_die_hit_peg.yy
[16-07-2022 20:41:46] Reading M:/Games/gmtk2022/gmtk2022/sounds/snd_die_hit_peg/snd_die_hit_peg.yy
[16-07-2022 20:41:46] Par: "folders/Sounds" at dir: "M:/Games/gmtk2022/gmtk2022/sounds/snd_die_hit_peg/snd_die_hit_peg.yy"
[16-07-2022 20:41:46] Found Sound: snd_die_hit_peg
[16-07-2022 20:41:46] Checking snd_die_hit_peg.ogg
[16-07-2022 20:41:46] Current parent directory: M:/Games/gmtk2022/gmtk2022/sounds/snd_die_hit_thing
[16-07-2022 20:41:46] Checking snd_die_hit_thing.yy
[16-07-2022 20:41:46] Parsing M:/Games/gmtk2022/gmtk2022/sounds/snd_die_hit_thing/snd_die_hit_thing.yy
[16-07-2022 20:41:46] Reading M:/Games/gmtk2022/gmtk2022/sounds/snd_die_hit_thing/snd_die_hit_thing.yy
[16-07-2022 20:41:46] Par: "folders/Sounds" at dir: "M:/Games/gmtk2022/gmtk2022/sounds/snd_die_hit_thing/snd_die_hit_thing.yy"
[16-07-2022 20:41:46] Found Sound: snd_die_hit_thing
[16-07-2022 20:41:46] Checking snd_die_hit_thing.ogg
[16-07-2022 20:41:46] Current parent directory: M:/Games/gmtk2022/gmtk2022/sounds/snd_die_hit_wall
[16-07-2022 20:41:46] Checking snd_die_hit_wall.yy
[16-07-2022 20:41:46] Parsing M:/Games/gmtk2022/gmtk2022/sounds/snd_die_hit_wall/snd_die_hit_wall.yy
[16-07-2022 20:41:46] Reading M:/Games/gmtk2022/gmtk2022/sounds/snd_die_hit_wall/snd_die_hit_wall.yy
[16-07-2022 20:41:46] Par: "folders/Sounds" at dir: "M:/Games/gmtk2022/gmtk2022/sounds/snd_die_hit_wall/snd_die_hit_wall.yy"
[16-07-2022 20:41:46] Found Sound: snd_die_hit_wall
[16-07-2022 20:41:46] Checking snd_die_hit_wall.ogg
[16-07-2022 20:41:46] Current parent directory: M:/Games/gmtk2022/gmtk2022/sounds/snd_die_throw
[16-07-2022 20:41:46] Checking snd_die_throw.yy
[16-07-2022 20:41:46] Parsing M:/Games/gmtk2022/gmtk2022/sounds/snd_die_throw/snd_die_throw.yy
[16-07-2022 20:41:46] Reading M:/Games/gmtk2022/gmtk2022/sounds/snd_die_throw/snd_die_throw.yy
[16-07-2022 20:41:46] Par: "folders/Sounds" at dir: "M:/Games/gmtk2022/gmtk2022/sounds/snd_die_throw/snd_die_throw.yy"
[16-07-2022 20:41:46] Found Sound: snd_die_throw
[16-07-2022 20:41:46] Checking snd_die_throw.ogg
[16-07-2022 20:41:46] Current parent directory: M:/Games/gmtk2022/gmtk2022/sprites
[16-07-2022 20:41:46] Checking spr_shooter
[16-07-2022 20:41:46] Directory: M:/Games/gmtk2022/gmtk2022/sprites/spr_shooter
[16-07-2022 20:41:46] Checking spr_hit_small
[16-07-2022 20:41:46] Directory: M:/Games/gmtk2022/gmtk2022/sprites/spr_hit_small
[16-07-2022 20:41:46] Checking spr_hit_medium
[16-07-2022 20:41:46] Directory: M:/Games/gmtk2022/gmtk2022/sprites/spr_hit_medium
[16-07-2022 20:41:46] Checking spr_hit_large
[16-07-2022 20:41:46] Directory: M:/Games/gmtk2022/gmtk2022/sprites/spr_hit_large
[16-07-2022 20:41:46] Checking spr_hand_thanos_snap
[16-07-2022 20:41:46] Directory: M:/Games/gmtk2022/gmtk2022/sprites/spr_hand_thanos_snap
[16-07-2022 20:41:46] Checking spr_hand_idle_b
[16-07-2022 20:41:46] Directory: M:/Games/gmtk2022/gmtk2022/sprites/spr_hand_idle_b
[16-07-2022 20:41:46] Checking spr_hand_idle_a
[16-07-2022 20:41:46] Directory: M:/Games/gmtk2022/gmtk2022/sprites/spr_hand_idle_a
[16-07-2022 20:41:46] Checking spr_hand_cast
[16-07-2022 20:41:46] Directory: M:/Games/gmtk2022/gmtk2022/sprites/spr_hand_cast
[16-07-2022 20:41:46] Checking spr_handblock_big
[16-07-2022 20:41:46] Directory: M:/Games/gmtk2022/gmtk2022/sprites/spr_handblock_big
[16-07-2022 20:41:46] Checking spr_handblock
[16-07-2022 20:41:46] Directory: M:/Games/gmtk2022/gmtk2022/sprites/spr_handblock
[16-07-2022 20:41:46] Checking spr_dice_idle
[16-07-2022 20:41:46] Directory: M:/Games/gmtk2022/gmtk2022/sprites/spr_dice_idle
[16-07-2022 20:41:46] Checking spr_dice_hit
[16-07-2022 20:41:46] Directory: M:/Games/gmtk2022/gmtk2022/sprites/spr_dice_hit
[16-07-2022 20:41:46] Checking spr_dice
[16-07-2022 20:41:46] Directory: M:/Games/gmtk2022/gmtk2022/sprites/spr_dice
[16-07-2022 20:41:46] Checking spr_coin_pouch
[16-07-2022 20:41:46] Directory: M:/Games/gmtk2022/gmtk2022/sprites/spr_coin_pouch
[16-07-2022 20:41:46] Checking spr_coin
[16-07-2022 20:41:46] Directory: M:/Games/gmtk2022/gmtk2022/sprites/spr_coin
[16-07-2022 20:41:46] Checking spr_chip
[16-07-2022 20:41:46] Directory: M:/Games/gmtk2022/gmtk2022/sprites/spr_chip
[16-07-2022 20:41:46] Checking spr_cash_wad
[16-07-2022 20:41:46] Directory: M:/Games/gmtk2022/gmtk2022/sprites/spr_cash_wad
[16-07-2022 20:41:46] Checking spr_bumper
[16-07-2022 20:41:46] Directory: M:/Games/gmtk2022/gmtk2022/sprites/spr_bumper
[16-07-2022 20:41:46] Checking spr_board
[16-07-2022 20:41:46] Directory: M:/Games/gmtk2022/gmtk2022/sprites/spr_board
[16-07-2022 20:41:46] Checking spr_block
[16-07-2022 20:41:46] Directory: M:/Games/gmtk2022/gmtk2022/sprites/spr_block
[16-07-2022 20:41:46] Checking spr_banknote
[16-07-2022 20:41:46] Directory: M:/Games/gmtk2022/gmtk2022/sprites/spr_banknote
[16-07-2022 20:41:46] Checking sprite13
[16-07-2022 20:41:46] Directory: M:/Games/gmtk2022/gmtk2022/sprites/sprite13
[16-07-2022 20:41:46] Current parent directory: M:/Games/gmtk2022/gmtk2022/sprites/sprite13
[16-07-2022 20:41:46] Checking layers
[16-07-2022 20:41:46] Directory: M:/Games/gmtk2022/gmtk2022/sprites/sprite13/layers
[16-07-2022 20:41:46] Current parent directory: M:/Games/gmtk2022/gmtk2022/sprites/sprite13/layers
[16-07-2022 20:41:46] Checking b6c6ff9b-4338-4862-809c-096961ff9f01
[16-07-2022 20:41:46] Directory: M:/Games/gmtk2022/gmtk2022/sprites/sprite13/layers/b6c6ff9b-4338-4862-809c-096961ff9f01
[16-07-2022 20:41:46] Current parent directory: M:/Games/gmtk2022/gmtk2022/sprites/sprite13/layers/b6c6ff9b-4338-4862-809c-096961ff9f01
[16-07-2022 20:41:46] Checking 8fe96810-2119-44b1-bdf4-1fc8ba42303a.png
[16-07-2022 20:41:46] Current parent directory: M:/Games/gmtk2022/gmtk2022/sprites/spr_banknote
[16-07-2022 20:41:46] Checking spr_banknote.yy
[16-07-2022 20:41:46] Parsing M:/Games/gmtk2022/gmtk2022/sprites/spr_banknote/spr_banknote.yy
[16-07-2022 20:41:46] Reading M:/Games/gmtk2022/gmtk2022/sprites/spr_banknote/spr_banknote.yy
[16-07-2022 20:41:46] Par: "folders/Sprites/Hand" at dir: "M:/Games/gmtk2022/gmtk2022/sprites/spr_banknote/spr_banknote.yy"
[16-07-2022 20:41:46] Found Sprite: spr_banknote
[16-07-2022 20:41:46] Checking layers
[16-07-2022 20:41:46] Directory: M:/Games/gmtk2022/gmtk2022/sprites/spr_banknote/layers
[16-07-2022 20:41:46] Checking de7188d0-9672-4433-9033-e63b824967b3.png
[16-07-2022 20:41:46] Checking ccf7ec14-70ac-4080-aee4-d9b6e1b3c175.png
[16-07-2022 20:41:46] Checking b5f4bf0a-4807-40ec-bf71-2d4bf1a643e9.png
[16-07-2022 20:41:46] Checking b5519b95-dc8f-4360-9516-9058bc667edb.png
[16-07-2022 20:41:46] Checking 6ecb0b79-08c8-4f4f-82f7-845ea3106bdb.png
[16-07-2022 20:41:46] Checking 3f748385-b134-4bba-a6b1-1385441c219c.png
[16-07-2022 20:41:46] Checking 311441ed-1851-4c0f-a854-7f87da430a05.png
[16-07-2022 20:41:46] Current parent directory: M:/Games/gmtk2022/gmtk2022/sprites/spr_banknote/layers
[16-07-2022 20:41:46] Checking de7188d0-9672-4433-9033-e63b824967b3
[16-07-2022 20:41:46] Directory: M:/Games/gmtk2022/gmtk2022/sprites/spr_banknote/layers/de7188d0-9672-4433-9033-e63b824967b3
[16-07-2022 20:41:46] Checking ccf7ec14-70ac-4080-aee4-d9b6e1b3c175
[16-07-2022 20:41:46] Directory: M:/Games/gmtk2022/gmtk2022/sprites/spr_banknote/layers/ccf7ec14-70ac-4080-aee4-d9b6e1b3c175
[16-07-2022 20:41:46] Checking b5f4bf0a-4807-40ec-bf71-2d4bf1a643e9
[16-07-2022 20:41:46] Directory: M:/Games/gmtk2022/gmtk2022/sprites/spr_banknote/layers/b5f4bf0a-4807-40ec-bf71-2d4bf1a643e9
[16-07-2022 20:41:46] Checking b5519b95-dc8f-4360-9516-9058bc667edb
[16-07-2022 20:41:46] Directory: M:/Games/gmtk2022/gmtk2022/sprites/spr_banknote/layers/b5519b95-dc8f-4360-9516-9058bc667edb
[16-07-2022 20:41:46] Checking 6ecb0b79-08c8-4f4f-82f7-845ea3106bdb
[16-07-2022 20:41:46] Directory: M:/Games/gmtk2022/gmtk2022/sprites/spr_banknote/layers/6ecb0b79-08c8-4f4f-82f7-845ea3106bdb
[16-07-2022 20:41:46] Checking 3f748385-b134-4bba-a6b1-1385441c219c
[16-07-2022 20:41:46] Directory: M:/Games/gmtk2022/gmtk2022/sprites/spr_banknote/layers/3f748385-b134-4bba-a6b1-1385441c219c
[16-07-2022 20:41:46] Checking 311441ed-1851-4c0f-a854-7f87da430a05
[16-07-2022 20:41:46] Directory: M:/Games/gmtk2022/gmtk2022/sprites/spr_banknote/layers/311441ed-1851-4c0f-a854-7f87da430a05
[16-07-2022 20:41:46] Current parent directory: M:/Games/gmtk2022/gmtk2022/sprites/spr_banknote/layers/311441ed-1851-4c0f-a854-7f87da430a05
[16-07-2022 20:41:46] Checking a33d03b5-ed18-4d83-8179-7bc223994c7a.png
[16-07-2022 20:41:46] Current parent directory: M:/Games/gmtk2022/gmtk2022/sprites/spr_banknote/layers/3f748385-b134-4bba-a6b1-1385441c219c
[16-07-2022 20:41:46] Checking cb3cacc7-bc38-4c74-868a-d5590a3973e7.png
[16-07-2022 20:41:46] Current parent directory: M:/Games/gmtk2022/gmtk2022/sprites/spr_banknote/layers/6ecb0b79-08c8-4f4f-82f7-845ea3106bdb
[16-07-2022 20:41:46] Checking cb3cacc7-bc38-4c74-868a-d5590a3973e7.png
[16-07-2022 20:41:46] Current parent directory: M:/Games/gmtk2022/gmtk2022/sprites/spr_banknote/layers/b5519b95-dc8f-4360-9516-9058bc667edb
[16-07-2022 20:41:46] Checking 205ce06b-01ee-451b-92d0-df427f4f763e.png
[16-07-2022 20:41:46] Current parent directory: M:/Games/gmtk2022/gmtk2022/sprites/spr_banknote/layers/b5f4bf0a-4807-40ec-bf71-2d4bf1a643e9
[16-07-2022 20:41:46] Checking a33d03b5-ed18-4d83-8179-7bc223994c7a.png
[16-07-2022 20:41:46] Current parent directory: M:/Games/gmtk2022/gmtk2022/sprites/spr_banknote/layers/ccf7ec14-70ac-4080-aee4-d9b6e1b3c175
[16-07-2022 20:41:46] Checking cb3cacc7-bc38-4c74-868a-d5590a3973e7.png
[16-07-2022 20:41:46] Current parent directory: M:/Games/gmtk2022/gmtk2022/sprites/spr_banknote/layers/de7188d0-9672-4433-9033-e63b824967b3
[16-07-2022 20:41:46] Checking a33d03b5-ed18-4d83-8179-7bc223994c7a.png
[16-07-2022 20:41:46] Current parent directory: M:/Games/gmtk2022/gmtk2022/sprites/spr_block
[16-07-2022 20:41:46] Checking spr_block.yy
[16-07-2022 20:41:46] Parsing M:/Games/gmtk2022/gmtk2022/sprites/spr_block/spr_block.yy
[16-07-2022 20:41:46] Reading M:/Games/gmtk2022/gmtk2022/sprites/spr_block/spr_block.yy
[16-07-2022 20:41:46] Par: "folders/Sprites" at dir: "M:/Games/gmtk2022/gmtk2022/sprites/spr_block/spr_block.yy"
[16-07-2022 20:41:46] Found Sprite: spr_block
[16-07-2022 20:41:46] Checking layers
[16-07-2022 20:41:46] Directory: M:/Games/gmtk2022/gmtk2022/sprites/spr_block/layers
[16-07-2022 20:41:46] Checking 1bc55efe-4ce3-479e-9905-107d3a8c8e11.png
[16-07-2022 20:41:46] Current parent directory: M:/Games/gmtk2022/gmtk2022/sprites/spr_block/layers
[16-07-2022 20:41:46] Checking 1bc55efe-4ce3-479e-9905-107d3a8c8e11
[16-07-2022 20:41:46] Directory: M:/Games/gmtk2022/gmtk2022/sprites/spr_block/layers/1bc55efe-4ce3-479e-9905-107d3a8c8e11
[16-07-2022 20:41:46] Current parent directory: M:/Games/gmtk2022/gmtk2022/sprites/spr_block/layers/1bc55efe-4ce3-479e-9905-107d3a8c8e11
[16-07-2022 20:41:46] Checking dd9f5758-7b25-4416-aa93-fd68729c7801.png
[16-07-2022 20:41:46] Current parent directory: M:/Games/gmtk2022/gmtk2022/sprites/spr_board
[16-07-2022 20:41:46] Checking spr_board.yy
[16-07-2022 20:41:46] Parsing M:/Games/gmtk2022/gmtk2022/sprites/spr_board/spr_board.yy
[16-07-2022 20:41:46] Reading M:/Games/gmtk2022/gmtk2022/sprites/spr_board/spr_board.yy
[16-07-2022 20:41:46] Par: "folders/Sprites" at dir: "M:/Games/gmtk2022/gmtk2022/sprites/spr_board/spr_board.yy"
[16-07-2022 20:41:46] Found Sprite: spr_board
[16-07-2022 20:41:46] Checking layers
[16-07-2022 20:41:46] Directory: M:/Games/gmtk2022/gmtk2022/sprites/spr_board/layers
[16-07-2022 20:41:46] Checking aad01ec0-5a05-40f0-9ae8-9cd30765b8c2.png
[16-07-2022 20:41:46] Current parent directory: M:/Games/gmtk2022/gmtk2022/sprites/spr_board/layers
[16-07-2022 20:41:46] Checking aad01ec0-5a05-40f0-9ae8-9cd30765b8c2
[16-07-2022 20:41:46] Directory: M:/Games/gmtk2022/gmtk2022/sprites/spr_board/layers/aad01ec0-5a05-40f0-9ae8-9cd30765b8c2
[16-07-2022 20:41:46] Current parent directory: M:/Games/gmtk2022/gmtk2022/sprites/spr_board/layers/aad01ec0-5a05-40f0-9ae8-9cd30765b8c2
[16-07-2022 20:41:46] Checking 1e9e64a3-b0a2-43e1-94c0-0ce426a9db16.png
[16-07-2022 20:41:46] Current parent directory: M:/Games/gmtk2022/gmtk2022/sprites/spr_bumper
[16-07-2022 20:41:46] Checking spr_bumper.yy
[16-07-2022 20:41:46] Parsing M:/Games/gmtk2022/gmtk2022/sprites/spr_bumper/spr_bumper.yy
[16-07-2022 20:41:46] Reading M:/Games/gmtk2022/gmtk2022/sprites/spr_bumper/spr_bumper.yy
[16-07-2022 20:41:46] Par: "folders/Sprites" at dir: "M:/Games/gmtk2022/gmtk2022/sprites/spr_bumper/spr_bumper.yy"
[16-07-2022 20:41:46] Found Sprite: spr_bumper
[16-07-2022 20:41:46] Checking layers
[16-07-2022 20:41:46] Directory: M:/Games/gmtk2022/gmtk2022/sprites/spr_bumper/layers
[16-07-2022 20:41:46] Checking de7188d0-9672-4433-9033-e63b824967b3.png
[16-07-2022 20:41:46] Checking b5f4bf0a-4807-40ec-bf71-2d4bf1a643e9.png
[16-07-2022 20:41:46] Checking b5519b95-dc8f-4360-9516-9058bc667edb.png
[16-07-2022 20:41:46] Checking 974e03c7-9f00-4bab-bf25-43e7f0f4b632.png
[16-07-2022 20:41:46] Checking 6ecb0b79-08c8-4f4f-82f7-845ea3106bdb.png
[16-07-2022 20:41:46] Checking 4d40c35e-faa3-42fb-9002-8fcf910da873.png
[16-07-2022 20:41:46] Checking 311441ed-1851-4c0f-a854-7f87da430a05.png
[16-07-2022 20:41:46] Checking 18d743a9-1824-45ad-a507-6c578cc65f51.png
[16-07-2022 20:41:46] Current parent directory: M:/Games/gmtk2022/gmtk2022/sprites/spr_bumper/layers
[16-07-2022 20:41:46] Checking de7188d0-9672-4433-9033-e63b824967b3
[16-07-2022 20:41:46] Directory: M:/Games/gmtk2022/gmtk2022/sprites/spr_bumper/layers/de7188d0-9672-4433-9033-e63b824967b3
[16-07-2022 20:41:46] Checking b5f4bf0a-4807-40ec-bf71-2d4bf1a643e9
[16-07-2022 20:41:46] Directory: M:/Games/gmtk2022/gmtk2022/sprites/spr_bumper/layers/b5f4bf0a-4807-40ec-bf71-2d4bf1a643e9
[16-07-2022 20:41:46] Checking b5519b95-dc8f-4360-9516-9058bc667edb
[16-07-2022 20:41:46] Directory: M:/Games/gmtk2022/gmtk2022/sprites/spr_bumper/layers/b5519b95-dc8f-4360-9516-9058bc667edb
[16-07-2022 20:41:46] Checking 974e03c7-9f00-4bab-bf25-43e7f0f4b632
[16-07-2022 20:41:46] Directory: M:/Games/gmtk2022/gmtk2022/sprites/spr_bumper/layers/974e03c7-9f00-4bab-bf25-43e7f0f4b632
[16-07-2022 20:41:46] Checking 6ecb0b79-08c8-4f4f-82f7-845ea3106bdb
[16-07-2022 20:41:46] Directory: M:/Games/gmtk2022/gmtk2022/sprites/spr_bumper/layers/6ecb0b79-08c8-4f4f-82f7-845ea3106bdb
[16-07-2022 20:41:46] Checking 4d40c35e-faa3-42fb-9002-8fcf910da873
[16-07-2022 20:41:46] Directory: M:/Games/gmtk2022/gmtk2022/sprites/spr_bumper/layers/4d40c35e-faa3-42fb-9002-8fcf910da873
[16-07-2022 20:41:46] Checking 311441ed-1851-4c0f-a854-7f87da430a05
[16-07-2022 20:41:46] Directory: M:/Games/gmtk2022/gmtk2022/sprites/spr_bumper/layers/311441ed-1851-4c0f-a854-7f87da430a05
[16-07-2022 20:41:46] Checking 18d743a9-1824-45ad-a507-6c578cc65f51
[16-07-2022 20:41:46] Directory: M:/Games/gmtk2022/gmtk2022/sprites/spr_bumper/layers/18d743a9-1824-45ad-a507-6c578cc65f51
[16-07-2022 20:41:46] Current parent directory: M:/Games/gmtk2022/gmtk2022/sprites/spr_bumper/layers/18d743a9-1824-45ad-a507-6c578cc65f51
[16-07-2022 20:41:46] Checking cb3cacc7-bc38-4c74-868a-d5590a3973e7.png
[16-07-2022 20:41:46] Current parent directory: M:/Games/gmtk2022/gmtk2022/sprites/spr_bumper/layers/311441ed-1851-4c0f-a854-7f87da430a05
[16-07-2022 20:41:46] Checking a33d03b5-ed18-4d83-8179-7bc223994c7a.png
[16-07-2022 20:41:46] Current parent directory: M:/Games/gmtk2022/gmtk2022/sprites/spr_bumper/layers/4d40c35e-faa3-42fb-9002-8fcf910da873
[16-07-2022 20:41:46] Checking cb3cacc7-bc38-4c74-868a-d5590a3973e7.png
[16-07-2022 20:41:46] Current parent directory: M:/Games/gmtk2022/gmtk2022/sprites/spr_bumper/layers/6ecb0b79-08c8-4f4f-82f7-845ea3106bdb
[16-07-2022 20:41:46] Checking cb3cacc7-bc38-4c74-868a-d5590a3973e7.png
[16-07-2022 20:41:46] Current parent directory: M:/Games/gmtk2022/gmtk2022/sprites/spr_bumper/layers/974e03c7-9f00-4bab-bf25-43e7f0f4b632
[16-07-2022 20:41:46] Checking cb3cacc7-bc38-4c74-868a-d5590a3973e7.png
[16-07-2022 20:41:46] Current parent directory: M:/Games/gmtk2022/gmtk2022/sprites/spr_bumper/layers/b5519b95-dc8f-4360-9516-9058bc667edb
[16-07-2022 20:41:46] Checking 205ce06b-01ee-451b-92d0-df427f4f763e.png
[16-07-2022 20:41:46] Current parent directory: M:/Games/gmtk2022/gmtk2022/sprites/spr_bumper/layers/b5f4bf0a-4807-40ec-bf71-2d4bf1a643e9
[16-07-2022 20:41:46] Checking a33d03b5-ed18-4d83-8179-7bc223994c7a.png
[16-07-2022 20:41:46] Current parent directory: M:/Games/gmtk2022/gmtk2022/sprites/spr_bumper/layers/de7188d0-9672-4433-9033-e63b824967b3
[16-07-2022 20:41:46] Checking a33d03b5-ed18-4d83-8179-7bc223994c7a.png
[16-07-2022 20:41:46] Current parent directory: M:/Games/gmtk2022/gmtk2022/sprites/spr_cash_wad
[16-07-2022 20:41:46] Checking spr_cash_wad.yy
[16-07-2022 20:41:46] Parsing M:/Games/gmtk2022/gmtk2022/sprites/spr_cash_wad/spr_cash_wad.yy
[16-07-2022 20:41:46] Reading M:/Games/gmtk2022/gmtk2022/sprites/spr_cash_wad/spr_cash_wad.yy
[16-07-2022 20:41:46] Par: "folders/Sprites" at dir: "M:/Games/gmtk2022/gmtk2022/sprites/spr_cash_wad/spr_cash_wad.yy"
[16-07-2022 20:41:46] Found Sprite: spr_cash_wad
[16-07-2022 20:41:46] Checking layers
[16-07-2022 20:41:46] Directory: M:/Games/gmtk2022/gmtk2022/sprites/spr_cash_wad/layers
[16-07-2022 20:41:46] Checking de7188d0-9672-4433-9033-e63b824967b3.png
[16-07-2022 20:41:46] Checking b5f4bf0a-4807-40ec-bf71-2d4bf1a643e9.png
[16-07-2022 20:41:46] Checking b5519b95-dc8f-4360-9516-9058bc667edb.png
[16-07-2022 20:41:46] Checking 6ecb0b79-08c8-4f4f-82f7-845ea3106bdb.png
[16-07-2022 20:41:46] Checking 311441ed-1851-4c0f-a854-7f87da430a05.png
[16-07-2022 20:41:46] Current parent directory: M:/Games/gmtk2022/gmtk2022/sprites/spr_cash_wad/layers
[16-07-2022 20:41:46] Checking de7188d0-9672-4433-9033-e63b824967b3
[16-07-2022 20:41:46] Directory: M:/Games/gmtk2022/gmtk2022/sprites/spr_cash_wad/layers/de7188d0-9672-4433-9033-e63b824967b3
[16-07-2022 20:41:46] Checking b5f4bf0a-4807-40ec-bf71-2d4bf1a643e9
[16-07-2022 20:41:46] Directory: M:/Games/gmtk2022/gmtk2022/sprites/spr_cash_wad/layers/b5f4bf0a-4807-40ec-bf71-2d4bf1a643e9
[16-07-2022 20:41:46] Checking b5519b95-dc8f-4360-9516-9058bc667edb
[16-07-2022 20:41:46] Directory: M:/Games/gmtk2022/gmtk2022/sprites/spr_cash_wad/layers/b5519b95-dc8f-4360-9516-9058bc667edb
[16-07-2022 20:41:46] Checking 6ecb0b79-08c8-4f4f-82f7-845ea3106bdb
[16-07-2022 20:41:46] Directory: M:/Games/gmtk2022/gmtk2022/sprites/spr_cash_wad/layers/6ecb0b79-08c8-4f4f-82f7-845ea3106bdb
[16-07-2022 20:41:46] Checking 311441ed-1851-4c0f-a854-7f87da430a05
[16-07-2022 20:41:46] Directory: M:/Games/gmtk2022/gmtk2022/sprites/spr_cash_wad/layers/311441ed-1851-4c0f-a854-7f87da430a05
[16-07-2022 20:41:46] Current parent directory: M:/Games/gmtk2022/gmtk2022/sprites/spr_cash_wad/layers/311441ed-1851-4c0f-a854-7f87da430a05
[16-07-2022 20:41:46] Checking a33d03b5-ed18-4d83-8179-7bc223994c7a.png
[16-07-2022 20:41:46] Current parent directory: M:/Games/gmtk2022/gmtk2022/sprites/spr_cash_wad/layers/6ecb0b79-08c8-4f4f-82f7-845ea3106bdb
[16-07-2022 20:41:46] Checking cb3cacc7-bc38-4c74-868a-d5590a3973e7.png
[16-07-2022 20:41:46] Current parent directory: M:/Games/gmtk2022/gmtk2022/sprites/spr_cash_wad/layers/b5519b95-dc8f-4360-9516-9058bc667edb
[16-07-2022 20:41:46] Checking 205ce06b-01ee-451b-92d0-df427f4f763e.png
[16-07-2022 20:41:46] Current parent directory: M:/Games/gmtk2022/gmtk2022/sprites/spr_cash_wad/layers/b5f4bf0a-4807-40ec-bf71-2d4bf1a643e9
[16-07-2022 20:41:46] Checking a33d03b5-ed18-4d83-8179-7bc223994c7a.png
[16-07-2022 20:41:46] Current parent directory: M:/Games/gmtk2022/gmtk2022/sprites/spr_cash_wad/layers/de7188d0-9672-4433-9033-e63b824967b3
[16-07-2022 20:41:46] Checking a33d03b5-ed18-4d83-8179-7bc223994c7a.png
[16-07-2022 20:41:46] Current parent directory: M:/Games/gmtk2022/gmtk2022/sprites/spr_chip
[16-07-2022 20:41:46] Checking spr_chip.yy
[16-07-2022 20:41:46] Parsing M:/Games/gmtk2022/gmtk2022/sprites/spr_chip/spr_chip.yy
[16-07-2022 20:41:46] Reading M:/Games/gmtk2022/gmtk2022/sprites/spr_chip/spr_chip.yy
[16-07-2022 20:41:46] Par: "folders/Sprites" at dir: "M:/Games/gmtk2022/gmtk2022/sprites/spr_chip/spr_chip.yy"
[16-07-2022 20:41:46] Found Sprite: spr_chip
[16-07-2022 20:41:46] Checking layers
[16-07-2022 20:41:46] Directory: M:/Games/gmtk2022/gmtk2022/sprites/spr_chip/layers
[16-07-2022 20:41:46] Checking be3127fa-5a81-4a1f-8da5-c2c1d77945b3.png
[16-07-2022 20:41:46] Current parent directory: M:/Games/gmtk2022/gmtk2022/sprites/spr_chip/layers
[16-07-2022 20:41:46] Checking be3127fa-5a81-4a1f-8da5-c2c1d77945b3
[16-07-2022 20:41:46] Directory: M:/Games/gmtk2022/gmtk2022/sprites/spr_chip/layers/be3127fa-5a81-4a1f-8da5-c2c1d77945b3
[16-07-2022 20:41:46] Current parent directory: M:/Games/gmtk2022/gmtk2022/sprites/spr_chip/layers/be3127fa-5a81-4a1f-8da5-c2c1d77945b3
[16-07-2022 20:41:46] Checking 9031826b-594f-4b30-afe3-f98a84df7741.png
[16-07-2022 20:41:46] Current parent directory: M:/Games/gmtk2022/gmtk2022/sprites/spr_coin
[16-07-2022 20:41:46] Checking spr_coin.yy
[16-07-2022 20:41:46] Parsing M:/Games/gmtk2022/gmtk2022/sprites/spr_coin/spr_coin.yy
[16-07-2022 20:41:46] Reading M:/Games/gmtk2022/gmtk2022/sprites/spr_coin/spr_coin.yy
[16-07-2022 20:41:46] Par: "folders/Sprites" at dir: "M:/Games/gmtk2022/gmtk2022/sprites/spr_coin/spr_coin.yy"
[16-07-2022 20:41:46] Found Sprite: spr_coin
[16-07-2022 20:41:46] Checking layers
[16-07-2022 20:41:46] Directory: M:/Games/gmtk2022/gmtk2022/sprites/spr_coin/layers
[16-07-2022 20:41:46] Checking de7188d0-9672-4433-9033-e63b824967b3.png
[16-07-2022 20:41:46] Checking b5f4bf0a-4807-40ec-bf71-2d4bf1a643e9.png
[16-07-2022 20:41:46] Checking b5519b95-dc8f-4360-9516-9058bc667edb.png
[16-07-2022 20:41:46] Checking 6ecb0b79-08c8-4f4f-82f7-845ea3106bdb.png
[16-07-2022 20:41:46] Checking 311441ed-1851-4c0f-a854-7f87da430a05.png
[16-07-2022 20:41:46] Current parent directory: M:/Games/gmtk2022/gmtk2022/sprites/spr_coin/layers
[16-07-2022 20:41:46] Checking de7188d0-9672-4433-9033-e63b824967b3
[16-07-2022 20:41:46] Directory: M:/Games/gmtk2022/gmtk2022/sprites/spr_coin/layers/de7188d0-9672-4433-9033-e63b824967b3
[16-07-2022 20:41:46] Checking b5f4bf0a-4807-40ec-bf71-2d4bf1a643e9
[16-07-2022 20:41:46] Directory: M:/Games/gmtk2022/gmtk2022/sprites/spr_coin/layers/b5f4bf0a-4807-40ec-bf71-2d4bf1a643e9
[16-07-2022 20:41:46] Checking b5519b95-dc8f-4360-9516-9058bc667edb
[16-07-2022 20:41:46] Directory: M:/Games/gmtk2022/gmtk2022/sprites/spr_coin/layers/b5519b95-dc8f-4360-9516-9058bc667edb
[16-07-2022 20:41:46] Checking 6ecb0b79-08c8-4f4f-82f7-845ea3106bdb
[16-07-2022 20:41:46] Directory: M:/Games/gmtk2022/gmtk2022/sprites/spr_coin/layers/6ecb0b79-08c8-4f4f-82f7-845ea3106bdb
[16-07-2022 20:41:46] Checking 311441ed-1851-4c0f-a854-7f87da430a05
[16-07-2022 20:41:46] Directory: M:/Games/gmtk2022/gmtk2022/sprites/spr_coin/layers/311441ed-1851-4c0f-a854-7f87da430a05
[16-07-2022 20:41:46] Current parent directory: M:/Games/gmtk2022/gmtk2022/sprites/spr_coin/layers/311441ed-1851-4c0f-a854-7f87da430a05
[16-07-2022 20:41:46] Checking a33d03b5-ed18-4d83-8179-7bc223994c7a.png
[16-07-2022 20:41:46] Current parent directory: M:/Games/gmtk2022/gmtk2022/sprites/spr_coin/layers/6ecb0b79-08c8-4f4f-82f7-845ea3106bdb
[16-07-2022 20:41:46] Checking cb3cacc7-bc38-4c74-868a-d5590a3973e7.png
[16-07-2022 20:41:46] Current parent directory: M:/Games/gmtk2022/gmtk2022/sprites/spr_coin/layers/b5519b95-dc8f-4360-9516-9058bc667edb
[16-07-2022 20:41:46] Checking 205ce06b-01ee-451b-92d0-df427f4f763e.png
[16-07-2022 20:41:46] Current parent directory: M:/Games/gmtk2022/gmtk2022/sprites/spr_coin/layers/b5f4bf0a-4807-40ec-bf71-2d4bf1a643e9
[16-07-2022 20:41:46] Checking a33d03b5-ed18-4d83-8179-7bc223994c7a.png
[16-07-2022 20:41:46] Current parent directory: M:/Games/gmtk2022/gmtk2022/sprites/spr_coin/layers/de7188d0-9672-4433-9033-e63b824967b3
[16-07-2022 20:41:46] Checking a33d03b5-ed18-4d83-8179-7bc223994c7a.png
[16-07-2022 20:41:46] Current parent directory: M:/Games/gmtk2022/gmtk2022/sprites/spr_coin_pouch
[16-07-2022 20:41:46] Checking spr_coin_pouch.yy
[16-07-2022 20:41:46] Parsing M:/Games/gmtk2022/gmtk2022/sprites/spr_coin_pouch/spr_coin_pouch.yy
[16-07-2022 20:41:46] Reading M:/Games/gmtk2022/gmtk2022/sprites/spr_coin_pouch/spr_coin_pouch.yy
[16-07-2022 20:41:46] Par: "folders/Sprites" at dir: "M:/Games/gmtk2022/gmtk2022/sprites/spr_coin_pouch/spr_coin_pouch.yy"
[16-07-2022 20:41:46] Found Sprite: spr_coin_pouch
[16-07-2022 20:41:46] Checking layers
[16-07-2022 20:41:46] Directory: M:/Games/gmtk2022/gmtk2022/sprites/spr_coin_pouch/layers
[16-07-2022 20:41:46] Checking de7188d0-9672-4433-9033-e63b824967b3.png
[16-07-2022 20:41:46] Checking b5f4bf0a-4807-40ec-bf71-2d4bf1a643e9.png
[16-07-2022 20:41:46] Checking b5519b95-dc8f-4360-9516-9058bc667edb.png
[16-07-2022 20:41:46] Checking 6ecb0b79-08c8-4f4f-82f7-845ea3106bdb.png
[16-07-2022 20:41:46] Checking 311441ed-1851-4c0f-a854-7f87da430a05.png
[16-07-2022 20:41:46] Current parent directory: M:/Games/gmtk2022/gmtk2022/sprites/spr_coin_pouch/layers
[16-07-2022 20:41:46] Checking de7188d0-9672-4433-9033-e63b824967b3
[16-07-2022 20:41:46] Directory: M:/Games/gmtk2022/gmtk2022/sprites/spr_coin_pouch/layers/de7188d0-9672-4433-9033-e63b824967b3
[16-07-2022 20:41:46] Checking b5f4bf0a-4807-40ec-bf71-2d4bf1a643e9
[16-07-2022 20:41:46] Directory: M:/Games/gmtk2022/gmtk2022/sprites/spr_coin_pouch/layers/b5f4bf0a-4807-40ec-bf71-2d4bf1a643e9
[16-07-2022 20:41:46] Checking b5519b95-dc8f-4360-9516-9058bc667edb
[16-07-2022 20:41:46] Directory: M:/Games/gmtk2022/gmtk2022/sprites/spr_coin_pouch/layers/b5519b95-dc8f-4360-9516-9058bc667edb
[16-07-2022 20:41:46] Checking 6ecb0b79-08c8-4f4f-82f7-845ea3106bdb
[16-07-2022 20:41:46] Directory: M:/Games/gmtk2022/gmtk2022/sprites/spr_coin_pouch/layers/6ecb0b79-08c8-4f4f-82f7-845ea3106bdb
[16-07-2022 20:41:46] Checking 311441ed-1851-4c0f-a854-7f87da430a05
[16-07-2022 20:41:46] Directory: M:/Games/gmtk2022/gmtk2022/sprites/spr_coin_pouch/layers/311441ed-1851-4c0f-a854-7f87da430a05
[16-07-2022 20:41:46] Current parent directory: M:/Games/gmtk2022/gmtk2022/sprites/spr_coin_pouch/layers/311441ed-1851-4c0f-a854-7f87da430a05
[16-07-2022 20:41:46] Checking a33d03b5-ed18-4d83-8179-7bc223994c7a.png
[16-07-2022 20:41:46] Current parent directory: M:/Games/gmtk2022/gmtk2022/sprites/spr_coin_pouch/layers/6ecb0b79-08c8-4f4f-82f7-845ea3106bdb
[16-07-2022 20:41:46] Checking cb3cacc7-bc38-4c74-868a-d5590a3973e7.png
[16-07-2022 20:41:46] Current parent directory: M:/Games/gmtk2022/gmtk2022/sprites/spr_coin_pouch/layers/b5519b95-dc8f-4360-9516-9058bc667edb
[16-07-2022 20:41:46] Checking 205ce06b-01ee-451b-92d0-df427f4f763e.png
[16-07-2022 20:41:46] Current parent directory: M:/Games/gmtk2022/gmtk2022/sprites/spr_coin_pouch/layers/b5f4bf0a-4807-40ec-bf71-2d4bf1a643e9
[16-07-2022 20:41:46] Checking a33d03b5-ed18-4d83-8179-7bc223994c7a.png
[16-07-2022 20:41:46] Current parent directory: M:/Games/gmtk2022/gmtk2022/sprites/spr_coin_pouch/layers/de7188d0-9672-4433-9033-e63b824967b3
[16-07-2022 20:41:46] Checking a33d03b5-ed18-4d83-8179-7bc223994c7a.png
[16-07-2022 20:41:46] Current parent directory: M:/Games/gmtk2022/gmtk2022/sprites/spr_dice
[16-07-2022 20:41:46] Checking spr_dice.yy
[16-07-2022 20:41:46] Parsing M:/Games/gmtk2022/gmtk2022/sprites/spr_dice/spr_dice.yy
[16-07-2022 20:41:46] Reading M:/Games/gmtk2022/gmtk2022/sprites/spr_dice/spr_dice.yy
[16-07-2022 20:41:46] Par: "folders/Sprites" at dir: "M:/Games/gmtk2022/gmtk2022/sprites/spr_dice/spr_dice.yy"
[16-07-2022 20:41:46] Found Sprite: spr_dice
[16-07-2022 20:41:46] Checking layers
[16-07-2022 20:41:46] Directory: M:/Games/gmtk2022/gmtk2022/sprites/spr_dice/layers
[16-07-2022 20:41:46] Checking 690ba873-13bb-450f-b5bc-42e9ed14b97f.png
[16-07-2022 20:41:46] Current parent directory: M:/Games/gmtk2022/gmtk2022/sprites/spr_dice/layers
[16-07-2022 20:41:46] Checking 690ba873-13bb-450f-b5bc-42e9ed14b97f
[16-07-2022 20:41:46] Directory: M:/Games/gmtk2022/gmtk2022/sprites/spr_dice/layers/690ba873-13bb-450f-b5bc-42e9ed14b97f
[16-07-2022 20:41:46] Current parent directory: M:/Games/gmtk2022/gmtk2022/sprites/spr_dice/layers/690ba873-13bb-450f-b5bc-42e9ed14b97f
[16-07-2022 20:41:46] Checking e8ce2f90-624e-4c3a-82ca-6d9e6b15aadf.png
[16-07-2022 20:41:46] Current parent directory: M:/Games/gmtk2022/gmtk2022/sprites/spr_dice_hit
[16-07-2022 20:41:46] Checking spr_dice_hit.yy
[16-07-2022 20:41:46] Parsing M:/Games/gmtk2022/gmtk2022/sprites/spr_dice_hit/spr_dice_hit.yy
[16-07-2022 20:41:46] Reading M:/Games/gmtk2022/gmtk2022/sprites/spr_dice_hit/spr_dice_hit.yy
[16-07-2022 20:41:46] Par: "folders/Sprites" at dir: "M:/Games/gmtk2022/gmtk2022/sprites/spr_dice_hit/spr_dice_hit.yy"
[16-07-2022 20:41:46] Found Sprite: spr_dice_hit
[16-07-2022 20:41:46] Checking layers
[16-07-2022 20:41:46] Directory: M:/Games/gmtk2022/gmtk2022/sprites/spr_dice_hit/layers
[16-07-2022 20:41:46] Checking c85fd910-1809-4499-b61b-cb8254d61dd6.png
[16-07-2022 20:41:46] Checking b7f8b568-6bda-4bff-85e9-bc2070f9282b.png
[16-07-2022 20:41:46] Checking a7e295c9-7f0f-4dd7-8910-a82efa4f42f7.png
[16-07-2022 20:41:46] Checking 204f376c-2812-4906-8e2c-604f29a82c62.png
[16-07-2022 20:41:46] Current parent directory: M:/Games/gmtk2022/gmtk2022/sprites/spr_dice_hit/layers
[16-07-2022 20:41:46] Checking c85fd910-1809-4499-b61b-cb8254d61dd6
[16-07-2022 20:41:46] Directory: M:/Games/gmtk2022/gmtk2022/sprites/spr_dice_hit/layers/c85fd910-1809-4499-b61b-cb8254d61dd6
[16-07-2022 20:41:46] Checking b7f8b568-6bda-4bff-85e9-bc2070f9282b
[16-07-2022 20:41:46] Directory: M:/Games/gmtk2022/gmtk2022/sprites/spr_dice_hit/layers/b7f8b568-6bda-4bff-85e9-bc2070f9282b
[16-07-2022 20:41:46] Checking a7e295c9-7f0f-4dd7-8910-a82efa4f42f7
[16-07-2022 20:41:46] Directory: M:/Games/gmtk2022/gmtk2022/sprites/spr_dice_hit/layers/a7e295c9-7f0f-4dd7-8910-a82efa4f42f7
[16-07-2022 20:41:46] Checking 204f376c-2812-4906-8e2c-604f29a82c62
[16-07-2022 20:41:46] Directory: M:/Games/gmtk2022/gmtk2022/sprites/spr_dice_hit/layers/204f376c-2812-4906-8e2c-604f29a82c62
[16-07-2022 20:41:46] Current parent directory: M:/Games/gmtk2022/gmtk2022/sprites/spr_dice_hit/layers/204f376c-2812-4906-8e2c-604f29a82c62
[16-07-2022 20:41:46] Checking 5a4af34a-4f53-42fd-858c-1ed7955ac23f.png
[16-07-2022 20:41:46] Current parent directory: M:/Games/gmtk2022/gmtk2022/sprites/spr_dice_hit/layers/a7e295c9-7f0f-4dd7-8910-a82efa4f42f7
[16-07-2022 20:41:46] Checking 5a4af34a-4f53-42fd-858c-1ed7955ac23f.png
[16-07-2022 20:41:46] Current parent directory: M:/Games/gmtk2022/gmtk2022/sprites/spr_dice_hit/layers/b7f8b568-6bda-4bff-85e9-bc2070f9282b
[16-07-2022 20:41:46] Checking 5a4af34a-4f53-42fd-858c-1ed7955ac23f.png
[16-07-2022 20:41:46] Current parent directory: M:/Games/gmtk2022/gmtk2022/sprites/spr_dice_hit/layers/c85fd910-1809-4499-b61b-cb8254d61dd6
[16-07-2022 20:41:46] Checking 88fb3968-9fe7-4f7b-a74b-ae85734fd2b2.png
[16-07-2022 20:41:46] Current parent directory: M:/Games/gmtk2022/gmtk2022/sprites/spr_dice_idle
[16-07-2022 20:41:46] Checking spr_dice_idle.yy
[16-07-2022 20:41:46] Parsing M:/Games/gmtk2022/gmtk2022/sprites/spr_dice_idle/spr_dice_idle.yy
[16-07-2022 20:41:46] Reading M:/Games/gmtk2022/gmtk2022/sprites/spr_dice_idle/spr_dice_idle.yy
[16-07-2022 20:41:46] Par: "folders/Sprites" at dir: "M:/Games/gmtk2022/gmtk2022/sprites/spr_dice_idle/spr_dice_idle.yy"
[16-07-2022 20:41:46] Found Sprite: spr_dice_idle
[16-07-2022 20:41:46] Checking layers
[16-07-2022 20:41:46] Directory: M:/Games/gmtk2022/gmtk2022/sprites/spr_dice_idle/layers
[16-07-2022 20:41:46] Checking 8de677c8-a275-4f0b-9713-d92a3dee6c7f.png
[16-07-2022 20:41:46] Checking 6a233ba1-f237-4d24-8626-6259e3cbbb06.png
[16-07-2022 20:41:46] Checking 4542636e-25f5-412d-9c74-2a8def532d4a.png
[16-07-2022 20:41:46] Current parent directory: M:/Games/gmtk2022/gmtk2022/sprites/spr_dice_idle/layers
[16-07-2022 20:41:46] Checking 8de677c8-a275-4f0b-9713-d92a3dee6c7f
[16-07-2022 20:41:46] Directory: M:/Games/gmtk2022/gmtk2022/sprites/spr_dice_idle/layers/8de677c8-a275-4f0b-9713-d92a3dee6c7f
[16-07-2022 20:41:46] Checking 6a233ba1-f237-4d24-8626-6259e3cbbb06
[16-07-2022 20:41:46] Directory: M:/Games/gmtk2022/gmtk2022/sprites/spr_dice_idle/layers/6a233ba1-f237-4d24-8626-6259e3cbbb06
[16-07-2022 20:41:46] Checking 4542636e-25f5-412d-9c74-2a8def532d4a
[16-07-2022 20:41:46] Directory: M:/Games/gmtk2022/gmtk2022/sprites/spr_dice_idle/layers/4542636e-25f5-412d-9c74-2a8def532d4a
[16-07-2022 20:41:46] Current parent directory: M:/Games/gmtk2022/gmtk2022/sprites/spr_dice_idle/layers/4542636e-25f5-412d-9c74-2a8def532d4a
[16-07-2022 20:41:46] Checking 2e49575a-89e2-4275-98e2-c97da25f8484.png
[16-07-2022 20:41:46] Current parent directory: M:/Games/gmtk2022/gmtk2022/sprites/spr_dice_idle/layers/6a233ba1-f237-4d24-8626-6259e3cbbb06
[16-07-2022 20:41:46] Checking ac032e62-d4fd-4004-91f6-4b1bdc9accb8.png
[16-07-2022 20:41:46] Current parent directory: M:/Games/gmtk2022/gmtk2022/sprites/spr_dice_idle/layers/8de677c8-a275-4f0b-9713-d92a3dee6c7f
[16-07-2022 20:41:46] Checking ac032e62-d4fd-4004-91f6-4b1bdc9accb8.png
[16-07-2022 20:41:46] Current parent directory: M:/Games/gmtk2022/gmtk2022/sprites/spr_handblock
[16-07-2022 20:41:46] Checking spr_handblock.yy
[16-07-2022 20:41:46] Parsing M:/Games/gmtk2022/gmtk2022/sprites/spr_handblock/spr_handblock.yy
[16-07-2022 20:41:46] Reading M:/Games/gmtk2022/gmtk2022/sprites/spr_handblock/spr_handblock.yy
[16-07-2022 20:41:46] Par: "folders/Sprites" at dir: "M:/Games/gmtk2022/gmtk2022/sprites/spr_handblock/spr_handblock.yy"
[16-07-2022 20:41:46] Found Sprite: spr_handblock
[16-07-2022 20:41:46] Checking layers
[16-07-2022 20:41:46] Directory: M:/Games/gmtk2022/gmtk2022/sprites/spr_handblock/layers
[16-07-2022 20:41:46] Checking de7188d0-9672-4433-9033-e63b824967b3.png
[16-07-2022 20:41:46] Checking b5f4bf0a-4807-40ec-bf71-2d4bf1a643e9.png
[16-07-2022 20:41:46] Checking b5519b95-dc8f-4360-9516-9058bc667edb.png
[16-07-2022 20:41:46] Checking 6ecb0b79-08c8-4f4f-82f7-845ea3106bdb.png
[16-07-2022 20:41:46] Checking 5dd0bf9d-fde1-490b-a492-af5cde91c4cf.png
[16-07-2022 20:41:46] Checking 311441ed-1851-4c0f-a854-7f87da430a05.png
[16-07-2022 20:41:46] Checking 2342b81f-2ff9-44d6-a9d5-5709b9dab331.png
[16-07-2022 20:41:46] Current parent directory: M:/Games/gmtk2022/gmtk2022/sprites/spr_handblock/layers
[16-07-2022 20:41:46] Checking de7188d0-9672-4433-9033-e63b824967b3
[16-07-2022 20:41:46] Directory: M:/Games/gmtk2022/gmtk2022/sprites/spr_handblock/layers/de7188d0-9672-4433-9033-e63b824967b3
[16-07-2022 20:41:46] Checking b5f4bf0a-4807-40ec-bf71-2d4bf1a643e9
[16-07-2022 20:41:46] Directory: M:/Games/gmtk2022/gmtk2022/sprites/spr_handblock/layers/b5f4bf0a-4807-40ec-bf71-2d4bf1a643e9
[16-07-2022 20:41:46] Checking b5519b95-dc8f-4360-9516-9058bc667edb
[16-07-2022 20:41:46] Directory: M:/Games/gmtk2022/gmtk2022/sprites/spr_handblock/layers/b5519b95-dc8f-4360-9516-9058bc667edb
[16-07-2022 20:41:46] Checking 6ecb0b79-08c8-4f4f-82f7-845ea3106bdb
[16-07-2022 20:41:46] Directory: M:/Games/gmtk2022/gmtk2022/sprites/spr_handblock/layers/6ecb0b79-08c8-4f4f-82f7-845ea3106bdb
[16-07-2022 20:41:46] Checking 5dd0bf9d-fde1-490b-a492-af5cde91c4cf
[16-07-2022 20:41:46] Directory: M:/Games/gmtk2022/gmtk2022/sprites/spr_handblock/layers/5dd0bf9d-fde1-490b-a492-af5cde91c4cf
[16-07-2022 20:41:46] Checking 311441ed-1851-4c0f-a854-7f87da430a05
[16-07-2022 20:41:46] Directory: M:/Games/gmtk2022/gmtk2022/sprites/spr_handblock/layers/311441ed-1851-4c0f-a854-7f87da430a05
[16-07-2022 20:41:46] Checking 2342b81f-2ff9-44d6-a9d5-5709b9dab331
[16-07-2022 20:41:46] Directory: M:/Games/gmtk2022/gmtk2022/sprites/spr_handblock/layers/2342b81f-2ff9-44d6-a9d5-5709b9dab331
[16-07-2022 20:41:46] Current parent directory: M:/Games/gmtk2022/gmtk2022/sprites/spr_handblock/layers/2342b81f-2ff9-44d6-a9d5-5709b9dab331
[16-07-2022 20:41:46] Checking cb3cacc7-bc38-4c74-868a-d5590a3973e7.png
[16-07-2022 20:41:46] Current parent directory: M:/Games/gmtk2022/gmtk2022/sprites/spr_handblock/layers/311441ed-1851-4c0f-a854-7f87da430a05
[16-07-2022 20:41:46] Checking a33d03b5-ed18-4d83-8179-7bc223994c7a.png
[16-07-2022 20:41:46] Current parent directory: M:/Games/gmtk2022/gmtk2022/sprites/spr_handblock/layers/5dd0bf9d-fde1-490b-a492-af5cde91c4cf
[16-07-2022 20:41:46] Checking cb3cacc7-bc38-4c74-868a-d5590a3973e7.png
[16-07-2022 20:41:46] Current parent directory: M:/Games/gmtk2022/gmtk2022/sprites/spr_handblock/layers/6ecb0b79-08c8-4f4f-82f7-845ea3106bdb
[16-07-2022 20:41:46] Checking cb3cacc7-bc38-4c74-868a-d5590a3973e7.png
[16-07-2022 20:41:46] Current parent directory: M:/Games/gmtk2022/gmtk2022/sprites/spr_handblock/layers/b5519b95-dc8f-4360-9516-9058bc667edb
[16-07-2022 20:41:46] Checking 205ce06b-01ee-451b-92d0-df427f4f763e.png
[16-07-2022 20:41:46] Current parent directory: M:/Games/gmtk2022/gmtk2022/sprites/spr_handblock/layers/b5f4bf0a-4807-40ec-bf71-2d4bf1a643e9
[16-07-2022 20:41:46] Checking a33d03b5-ed18-4d83-8179-7bc223994c7a.png
[16-07-2022 20:41:46] Current parent directory: M:/Games/gmtk2022/gmtk2022/sprites/spr_handblock/layers/de7188d0-9672-4433-9033-e63b824967b3
[16-07-2022 20:41:46] Checking a33d03b5-ed18-4d83-8179-7bc223994c7a.png
[16-07-2022 20:41:46] Current parent directory: M:/Games/gmtk2022/gmtk2022/sprites/spr_handblock_big
[16-07-2022 20:41:46] Checking spr_handblock_big.yy
[16-07-2022 20:41:46] Parsing M:/Games/gmtk2022/gmtk2022/sprites/spr_handblock_big/spr_handblock_big.yy
[16-07-2022 20:41:46] Reading M:/Games/gmtk2022/gmtk2022/sprites/spr_handblock_big/spr_handblock_big.yy
[16-07-2022 20:41:46] Par: "folders/Sprites" at dir: "M:/Games/gmtk2022/gmtk2022/sprites/spr_handblock_big/spr_handblock_big.yy"
[16-07-2022 20:41:46] Found Sprite: spr_handblock_big
[16-07-2022 20:41:46] Checking layers
[16-07-2022 20:41:46] Directory: M:/Games/gmtk2022/gmtk2022/sprites/spr_handblock_big/layers
[16-07-2022 20:41:46] Checking de7188d0-9672-4433-9033-e63b824967b3.png
[16-07-2022 20:41:46] Checking b5f4bf0a-4807-40ec-bf71-2d4bf1a643e9.png
[16-07-2022 20:41:46] Checking b5519b95-dc8f-4360-9516-9058bc667edb.png
[16-07-2022 20:41:46] Checking 6ecb0b79-08c8-4f4f-82f7-845ea3106bdb.png
[16-07-2022 20:41:46] Checking 5dd0bf9d-fde1-490b-a492-af5cde91c4cf.png
[16-07-2022 20:41:46] Checking 311441ed-1851-4c0f-a854-7f87da430a05.png
[16-07-2022 20:41:46] Checking 2342b81f-2ff9-44d6-a9d5-5709b9dab331.png
[16-07-2022 20:41:46] Current parent directory: M:/Games/gmtk2022/gmtk2022/sprites/spr_handblock_big/layers
[16-07-2022 20:41:46] Checking de7188d0-9672-4433-9033-e63b824967b3
[16-07-2022 20:41:46] Directory: M:/Games/gmtk2022/gmtk2022/sprites/spr_handblock_big/layers/de7188d0-9672-4433-9033-e63b824967b3
[16-07-2022 20:41:46] Checking b5f4bf0a-4807-40ec-bf71-2d4bf1a643e9
[16-07-2022 20:41:46] Directory: M:/Games/gmtk2022/gmtk2022/sprites/spr_handblock_big/layers/b5f4bf0a-4807-40ec-bf71-2d4bf1a643e9
[16-07-2022 20:41:46] Checking b5519b95-dc8f-4360-9516-9058bc667edb
[16-07-2022 20:41:46] Directory: M:/Games/gmtk2022/gmtk2022/sprites/spr_handblock_big/layers/b5519b95-dc8f-4360-9516-9058bc667edb
[16-07-2022 20:41:46] Checking 6ecb0b79-08c8-4f4f-82f7-845ea3106bdb
[16-07-2022 20:41:46] Directory: M:/Games/gmtk2022/gmtk2022/sprites/spr_handblock_big/layers/6ecb0b79-08c8-4f4f-82f7-845ea3106bdb
[16-07-2022 20:41:46] Checking 5dd0bf9d-fde1-490b-a492-af5cde91c4cf
[16-07-2022 20:41:46] Directory: M:/Games/gmtk2022/gmtk2022/sprites/spr_handblock_big/layers/5dd0bf9d-fde1-490b-a492-af5cde91c4cf
[16-07-2022 20:41:46] Checking 311441ed-1851-4c0f-a854-7f87da430a05
[16-07-2022 20:41:46] Directory: M:/Games/gmtk2022/gmtk2022/sprites/spr_handblock_big/layers/311441ed-1851-4c0f-a854-7f87da430a05
[16-07-2022 20:41:46] Checking 2342b81f-2ff9-44d6-a9d5-5709b9dab331
[16-07-2022 20:41:46] Directory: M:/Games/gmtk2022/gmtk2022/sprites/spr_handblock_big/layers/2342b81f-2ff9-44d6-a9d5-5709b9dab331
[16-07-2022 20:41:46] Current parent directory: M:/Games/gmtk2022/gmtk2022/sprites/spr_handblock_big/layers/2342b81f-2ff9-44d6-a9d5-5709b9dab331
[16-07-2022 20:41:46] Checking cb3cacc7-bc38-4c74-868a-d5590a3973e7.png
[16-07-2022 20:41:46] Current parent directory: M:/Games/gmtk2022/gmtk2022/sprites/spr_handblock_big/layers/311441ed-1851-4c0f-a854-7f87da430a05
[16-07-2022 20:41:46] Checking a33d03b5-ed18-4d83-8179-7bc223994c7a.png
[16-07-2022 20:41:46] Current parent directory: M:/Games/gmtk2022/gmtk2022/sprites/spr_handblock_big/layers/5dd0bf9d-fde1-490b-a492-af5cde91c4cf
[16-07-2022 20:41:46] Checking cb3cacc7-bc38-4c74-868a-d5590a3973e7.png
[16-07-2022 20:41:46] Current parent directory: M:/Games/gmtk2022/gmtk2022/sprites/spr_handblock_big/layers/6ecb0b79-08c8-4f4f-82f7-845ea3106bdb
[16-07-2022 20:41:46] Checking cb3cacc7-bc38-4c74-868a-d5590a3973e7.png
[16-07-2022 20:41:46] Current parent directory: M:/Games/gmtk2022/gmtk2022/sprites/spr_handblock_big/layers/b5519b95-dc8f-4360-9516-9058bc667edb
[16-07-2022 20:41:46] Checking 205ce06b-01ee-451b-92d0-df427f4f763e.png
[16-07-2022 20:41:46] Current parent directory: M:/Games/gmtk2022/gmtk2022/sprites/spr_handblock_big/layers/b5f4bf0a-4807-40ec-bf71-2d4bf1a643e9
[16-07-2022 20:41:46] Checking a33d03b5-ed18-4d83-8179-7bc223994c7a.png
[16-07-2022 20:41:46] Current parent directory: M:/Games/gmtk2022/gmtk2022/sprites/spr_handblock_big/layers/de7188d0-9672-4433-9033-e63b824967b3
[16-07-2022 20:41:46] Checking a33d03b5-ed18-4d83-8179-7bc223994c7a.png
[16-07-2022 20:41:46] Current parent directory: M:/Games/gmtk2022/gmtk2022/sprites/spr_hand_cast
[16-07-2022 20:41:46] Checking spr_hand_cast.yy
[16-07-2022 20:41:46] Parsing M:/Games/gmtk2022/gmtk2022/sprites/spr_hand_cast/spr_hand_cast.yy
[16-07-2022 20:41:46] Reading M:/Games/gmtk2022/gmtk2022/sprites/spr_hand_cast/spr_hand_cast.yy
[16-07-2022 20:41:46] Par: "folders/Sprites/Hand" at dir: "M:/Games/gmtk2022/gmtk2022/sprites/spr_hand_cast/spr_hand_cast.yy"
[16-07-2022 20:41:46] Found Sprite: spr_hand_cast
[16-07-2022 20:41:46] Checking layers
[16-07-2022 20:41:46] Directory: M:/Games/gmtk2022/gmtk2022/sprites/spr_hand_cast/layers
[16-07-2022 20:41:46] Checking d2be2b68-fe95-4198-b40c-e947499906b3.png
[16-07-2022 20:41:46] Checking cdb7c3d8-ff98-4df8-b06d-f1e7180d16e7.png
[16-07-2022 20:41:46] Checking 8f323fb8-26a3-495b-bf1e-3efaca6e8a46.png
[16-07-2022 20:41:46] Checking 83653827-23bc-44fd-adb9-18173b42042f.png
[16-07-2022 20:41:46] Checking 4534075d-8dcc-4b62-8050-42110ee8527a.png
[16-07-2022 20:41:46] Checking 0062b65f-3723-471b-af37-fb4bf92d4933.png
[16-07-2022 20:41:46] Current parent directory: M:/Games/gmtk2022/gmtk2022/sprites/spr_hand_cast/layers
[16-07-2022 20:41:46] Checking d2be2b68-fe95-4198-b40c-e947499906b3
[16-07-2022 20:41:46] Directory: M:/Games/gmtk2022/gmtk2022/sprites/spr_hand_cast/layers/d2be2b68-fe95-4198-b40c-e947499906b3
[16-07-2022 20:41:46] Checking cdb7c3d8-ff98-4df8-b06d-f1e7180d16e7
[16-07-2022 20:41:46] Directory: M:/Games/gmtk2022/gmtk2022/sprites/spr_hand_cast/layers/cdb7c3d8-ff98-4df8-b06d-f1e7180d16e7
[16-07-2022 20:41:46] Checking 8f323fb8-26a3-495b-bf1e-3efaca6e8a46
[16-07-2022 20:41:46] Directory: M:/Games/gmtk2022/gmtk2022/sprites/spr_hand_cast/layers/8f323fb8-26a3-495b-bf1e-3efaca6e8a46
[16-07-2022 20:41:46] Checking 83653827-23bc-44fd-adb9-18173b42042f
[16-07-2022 20:41:46] Directory: M:/Games/gmtk2022/gmtk2022/sprites/spr_hand_cast/layers/83653827-23bc-44fd-adb9-18173b42042f
[16-07-2022 20:41:46] Checking 4534075d-8dcc-4b62-8050-42110ee8527a
[16-07-2022 20:41:46] Directory: M:/Games/gmtk2022/gmtk2022/sprites/spr_hand_cast/layers/4534075d-8dcc-4b62-8050-42110ee8527a
[16-07-2022 20:41:46] Checking 0062b65f-3723-471b-af37-fb4bf92d4933
[16-07-2022 20:41:46] Directory: M:/Games/gmtk2022/gmtk2022/sprites/spr_hand_cast/layers/0062b65f-3723-471b-af37-fb4bf92d4933
[16-07-2022 20:41:46] Current parent directory: M:/Games/gmtk2022/gmtk2022/sprites/spr_hand_cast/layers/0062b65f-3723-471b-af37-fb4bf92d4933
[16-07-2022 20:41:46] Checking 39fd16c2-227b-4e70-8634-0da3d2764361.png
[16-07-2022 20:41:46] Current parent directory: M:/Games/gmtk2022/gmtk2022/sprites/spr_hand_cast/layers/4534075d-8dcc-4b62-8050-42110ee8527a
[16-07-2022 20:41:46] Checking a4370ef5-8b12-45e9-b00b-b18213cc5c16.png
[16-07-2022 20:41:46] Current parent directory: M:/Games/gmtk2022/gmtk2022/sprites/spr_hand_cast/layers/83653827-23bc-44fd-adb9-18173b42042f
[16-07-2022 20:41:46] Checking a4370ef5-8b12-45e9-b00b-b18213cc5c16.png
[16-07-2022 20:41:46] Current parent directory: M:/Games/gmtk2022/gmtk2022/sprites/spr_hand_cast/layers/8f323fb8-26a3-495b-bf1e-3efaca6e8a46
[16-07-2022 20:41:46] Checking a4370ef5-8b12-45e9-b00b-b18213cc5c16.png
[16-07-2022 20:41:46] Current parent directory: M:/Games/gmtk2022/gmtk2022/sprites/spr_hand_cast/layers/cdb7c3d8-ff98-4df8-b06d-f1e7180d16e7
[16-07-2022 20:41:46] Checking a4370ef5-8b12-45e9-b00b-b18213cc5c16.png
[16-07-2022 20:41:46] Current parent directory: M:/Games/gmtk2022/gmtk2022/sprites/spr_hand_cast/layers/d2be2b68-fe95-4198-b40c-e947499906b3
[16-07-2022 20:41:46] Checking a4370ef5-8b12-45e9-b00b-b18213cc5c16.png
[16-07-2022 20:41:46] Current parent directory: M:/Games/gmtk2022/gmtk2022/sprites/spr_hand_idle_a
[16-07-2022 20:41:46] Checking spr_hand_idle_a.yy
[16-07-2022 20:41:46] Parsing M:/Games/gmtk2022/gmtk2022/sprites/spr_hand_idle_a/spr_hand_idle_a.yy
[16-07-2022 20:41:46] Reading M:/Games/gmtk2022/gmtk2022/sprites/spr_hand_idle_a/spr_hand_idle_a.yy
[16-07-2022 20:41:46] Par: "folders/Sprites/Hand" at dir: "M:/Games/gmtk2022/gmtk2022/sprites/spr_hand_idle_a/spr_hand_idle_a.yy"
[16-07-2022 20:41:46] Found Sprite: spr_hand_idle_a
[16-07-2022 20:41:46] Checking layers
[16-07-2022 20:41:46] Directory: M:/Games/gmtk2022/gmtk2022/sprites/spr_hand_idle_a/layers
[16-07-2022 20:41:46] Checking 9d3f930f-561f-460b-a0b2-7a5a58e5c4e4.png
[16-07-2022 20:41:46] Checking 8f69e6ea-adff-48ca-84a9-f17fd968501a.png
[16-07-2022 20:41:46] Checking 4c6f4d0b-ba96-4641-8e69-65c7c3943cf3.png
[16-07-2022 20:41:46] Current parent directory: M:/Games/gmtk2022/gmtk2022/sprites/spr_hand_idle_a/layers
[16-07-2022 20:41:46] Checking 9d3f930f-561f-460b-a0b2-7a5a58e5c4e4
[16-07-2022 20:41:46] Directory: M:/Games/gmtk2022/gmtk2022/sprites/spr_hand_idle_a/layers/9d3f930f-561f-460b-a0b2-7a5a58e5c4e4
[16-07-2022 20:41:46] Checking 8f69e6ea-adff-48ca-84a9-f17fd968501a
[16-07-2022 20:41:46] Directory: M:/Games/gmtk2022/gmtk2022/sprites/spr_hand_idle_a/layers/8f69e6ea-adff-48ca-84a9-f17fd968501a
[16-07-2022 20:41:46] Checking 4c6f4d0b-ba96-4641-8e69-65c7c3943cf3
[16-07-2022 20:41:46] Directory: M:/Games/gmtk2022/gmtk2022/sprites/spr_hand_idle_a/layers/4c6f4d0b-ba96-4641-8e69-65c7c3943cf3
[16-07-2022 20:41:46] Current parent directory: M:/Games/gmtk2022/gmtk2022/sprites/spr_hand_idle_a/layers/4c6f4d0b-ba96-4641-8e69-65c7c3943cf3
[16-07-2022 20:41:46] Checking 7a1080ef-3bb7-4a09-aad7-5752bceca77a.png
[16-07-2022 20:41:46] Current parent directory: M:/Games/gmtk2022/gmtk2022/sprites/spr_hand_idle_a/layers/8f69e6ea-adff-48ca-84a9-f17fd968501a
[16-07-2022 20:41:46] Checking 9af50cdd-b0b2-4f20-946b-f5d58ff0fc4f.png
[16-07-2022 20:41:46] Current parent directory: M:/Games/gmtk2022/gmtk2022/sprites/spr_hand_idle_a/layers/9d3f930f-561f-460b-a0b2-7a5a58e5c4e4
[16-07-2022 20:41:46] Checking 9af50cdd-b0b2-4f20-946b-f5d58ff0fc4f.png
[16-07-2022 20:41:46] Current parent directory: M:/Games/gmtk2022/gmtk2022/sprites/spr_hand_idle_b
[16-07-2022 20:41:46] Checking spr_hand_idle_b.yy
[16-07-2022 20:41:46] Parsing M:/Games/gmtk2022/gmtk2022/sprites/spr_hand_idle_b/spr_hand_idle_b.yy
[16-07-2022 20:41:46] Reading M:/Games/gmtk2022/gmtk2022/sprites/spr_hand_idle_b/spr_hand_idle_b.yy
[16-07-2022 20:41:46] Par: "folders/Sprites/Hand" at dir: "M:/Games/gmtk2022/gmtk2022/sprites/spr_hand_idle_b/spr_hand_idle_b.yy"
[16-07-2022 20:41:46] Found Sprite: spr_hand_idle_b
[16-07-2022 20:41:46] Checking layers
[16-07-2022 20:41:46] Directory: M:/Games/gmtk2022/gmtk2022/sprites/spr_hand_idle_b/layers
[16-07-2022 20:41:46] Checking b876c1b8-f0a8-4c81-acd5-6d197147bfea.png
[16-07-2022 20:41:46] Checking 8b9e2ec7-6ede-49b9-bfa2-7244a0325105.png
[16-07-2022 20:41:46] Checking 6b74293a-7345-4fd3-891d-e9eeadc4dd7d.png
[16-07-2022 20:41:46] Current parent directory: M:/Games/gmtk2022/gmtk2022/sprites/spr_hand_idle_b/layers
[16-07-2022 20:41:46] Checking b876c1b8-f0a8-4c81-acd5-6d197147bfea
[16-07-2022 20:41:46] Directory: M:/Games/gmtk2022/gmtk2022/sprites/spr_hand_idle_b/layers/b876c1b8-f0a8-4c81-acd5-6d197147bfea
[16-07-2022 20:41:46] Checking 8b9e2ec7-6ede-49b9-bfa2-7244a0325105
[16-07-2022 20:41:46] Directory: M:/Games/gmtk2022/gmtk2022/sprites/spr_hand_idle_b/layers/8b9e2ec7-6ede-49b9-bfa2-7244a0325105
[16-07-2022 20:41:46] Checking 6b74293a-7345-4fd3-891d-e9eeadc4dd7d
[16-07-2022 20:41:46] Directory: M:/Games/gmtk2022/gmtk2022/sprites/spr_hand_idle_b/layers/6b74293a-7345-4fd3-891d-e9eeadc4dd7d
[16-07-2022 20:41:46] Current parent directory: M:/Games/gmtk2022/gmtk2022/sprites/spr_hand_idle_b/layers/6b74293a-7345-4fd3-891d-e9eeadc4dd7d
[16-07-2022 20:41:46] Checking 07c502d1-6603-47c7-bfbb-6e1d755b5c1b.png
[16-07-2022 20:41:46] Current parent directory: M:/Games/gmtk2022/gmtk2022/sprites/spr_hand_idle_b/layers/8b9e2ec7-6ede-49b9-bfa2-7244a0325105
[16-07-2022 20:41:46] Checking fca1a05a-3c17-4059-b2b1-e79ac5d891b7.png
[16-07-2022 20:41:46] Current parent directory: M:/Games/gmtk2022/gmtk2022/sprites/spr_hand_idle_b/layers/b876c1b8-f0a8-4c81-acd5-6d197147bfea
[16-07-2022 20:41:46] Checking fca1a05a-3c17-4059-b2b1-e79ac5d891b7.png
[16-07-2022 20:41:46] Current parent directory: M:/Games/gmtk2022/gmtk2022/sprites/spr_hand_thanos_snap
[16-07-2022 20:41:46] Checking spr_hand_thanos_snap.yy
[16-07-2022 20:41:46] Parsing M:/Games/gmtk2022/gmtk2022/sprites/spr_hand_thanos_snap/spr_hand_thanos_snap.yy
[16-07-2022 20:41:46] Reading M:/Games/gmtk2022/gmtk2022/sprites/spr_hand_thanos_snap/spr_hand_thanos_snap.yy
[16-07-2022 20:41:46] Par: "folders/Sprites/Hand" at dir: "M:/Games/gmtk2022/gmtk2022/sprites/spr_hand_thanos_snap/spr_hand_thanos_snap.yy"
[16-07-2022 20:41:46] Found Sprite: spr_hand_thanos_snap
[16-07-2022 20:41:46] Checking layers
[16-07-2022 20:41:46] Directory: M:/Games/gmtk2022/gmtk2022/sprites/spr_hand_thanos_snap/layers
[16-07-2022 20:41:46] Checking e43c96a6-029e-4048-b33f-b6ff9f9520eb.png
[16-07-2022 20:41:46] Checking 70ef8a45-6e51-4111-9f22-53519e0001c3.png
[16-07-2022 20:41:46] Checking 6c02fea1-094f-4c95-8301-d3fca8d9dc0b.png
[16-07-2022 20:41:46] Checking 3a92db8d-2908-4f1e-b7c6-dc2a6b18ae91.png
[16-07-2022 20:41:46] Current parent directory: M:/Games/gmtk2022/gmtk2022/sprites/spr_hand_thanos_snap/layers
[16-07-2022 20:41:46] Checking e43c96a6-029e-4048-b33f-b6ff9f9520eb
[16-07-2022 20:41:46] Directory: M:/Games/gmtk2022/gmtk2022/sprites/spr_hand_thanos_snap/layers/e43c96a6-029e-4048-b33f-b6ff9f9520eb
[16-07-2022 20:41:46] Checking 70ef8a45-6e51-4111-9f22-53519e0001c3
[16-07-2022 20:41:46] Directory: M:/Games/gmtk2022/gmtk2022/sprites/spr_hand_thanos_snap/layers/70ef8a45-6e51-4111-9f22-53519e0001c3
[16-07-2022 20:41:46] Checking 6c02fea1-094f-4c95-8301-d3fca8d9dc0b
[16-07-2022 20:41:46] Directory: M:/Games/gmtk2022/gmtk2022/sprites/spr_hand_thanos_snap/layers/6c02fea1-094f-4c95-8301-d3fca8d9dc0b
[16-07-2022 20:41:46] Checking 3a92db8d-2908-4f1e-b7c6-dc2a6b18ae91
[16-07-2022 20:41:46] Directory: M:/Games/gmtk2022/gmtk2022/sprites/spr_hand_thanos_snap/layers/3a92db8d-2908-4f1e-b7c6-dc2a6b18ae91
[16-07-2022 20:41:46] Current parent directory: M:/Games/gmtk2022/gmtk2022/sprites/spr_hand_thanos_snap/layers/3a92db8d-2908-4f1e-b7c6-dc2a6b18ae91
[16-07-2022 20:41:46] Checking caf0fb4e-fbc1-4807-b29f-c48cd74dfcf2.png
[16-07-2022 20:41:46] Current parent directory: M:/Games/gmtk2022/gmtk2022/sprites/spr_hand_thanos_snap/layers/6c02fea1-094f-4c95-8301-d3fca8d9dc0b
[16-07-2022 20:41:46] Checking caf0fb4e-fbc1-4807-b29f-c48cd74dfcf2.png
[16-07-2022 20:41:46] Current parent directory: M:/Games/gmtk2022/gmtk2022/sprites/spr_hand_thanos_snap/layers/70ef8a45-6e51-4111-9f22-53519e0001c3
[16-07-2022 20:41:46] Checking 46ad3a45-13d1-426c-8217-5aa79fa3f3ab.png
[16-07-2022 20:41:46] Current parent directory: M:/Games/gmtk2022/gmtk2022/sprites/spr_hand_thanos_snap/layers/e43c96a6-029e-4048-b33f-b6ff9f9520eb
[16-07-2022 20:41:46] Checking caf0fb4e-fbc1-4807-b29f-c48cd74dfcf2.png
[16-07-2022 20:41:46] Current parent directory: M:/Games/gmtk2022/gmtk2022/sprites/spr_hit_large
[16-07-2022 20:41:46] Checking spr_hit_large.yy
[16-07-2022 20:41:46] Parsing M:/Games/gmtk2022/gmtk2022/sprites/spr_hit_large/spr_hit_large.yy
[16-07-2022 20:41:46] Reading M:/Games/gmtk2022/gmtk2022/sprites/spr_hit_large/spr_hit_large.yy
[16-07-2022 20:41:46] Par: "folders/Sprites" at dir: "M:/Games/gmtk2022/gmtk2022/sprites/spr_hit_large/spr_hit_large.yy"
[16-07-2022 20:41:46] Found Sprite: spr_hit_large
[16-07-2022 20:41:46] Checking layers
[16-07-2022 20:41:46] Directory: M:/Games/gmtk2022/gmtk2022/sprites/spr_hit_large/layers
[16-07-2022 20:41:46] Checking f2b3c9b9-775e-4205-9b7d-0edf071a597d.png
[16-07-2022 20:41:46] Checking e778e1fc-d093-4afd-802d-bfd05a9a40c5.png
[16-07-2022 20:41:46] Checking e3bfb30f-4e83-4734-81f2-48e24aa46d54.png
[16-07-2022 20:41:46] Checking bdcc77d7-c388-475e-8d70-4f1ce97c1bfd.png
[16-07-2022 20:41:46] Checking b6c6ff9b-4338-4862-809c-096961ff9f01.png
[16-07-2022 20:41:46] Checking ab9b56a1-6c9b-41c8-838c-c873eab50db8.png
[16-07-2022 20:41:46] Checking 8a932bd1-30c1-48cf-97a6-25d7c35e8d16.png
[16-07-2022 20:41:46] Checking 86b7ef28-d8ff-43e9-ba6d-ed83d4fa2ab1.png
[16-07-2022 20:41:46] Checking 5a361b64-8308-481b-81f4-83ea7ae0d6ec.png
[16-07-2022 20:41:46] Checking 4bc46913-b513-44ed-bb82-b8c663ae06b8.png
[16-07-2022 20:41:46] Checking 0f886804-6b9e-45e2-85db-7c7aac41fdcb.png
[16-07-2022 20:41:46] Checking 064fe9fb-f1d2-4603-8be9-256ae3c5a201.png
[16-07-2022 20:41:46] Current parent directory: M:/Games/gmtk2022/gmtk2022/sprites/spr_hit_large/layers
[16-07-2022 20:41:46] Checking f2b3c9b9-775e-4205-9b7d-0edf071a597d
[16-07-2022 20:41:46] Directory: M:/Games/gmtk2022/gmtk2022/sprites/spr_hit_large/layers/f2b3c9b9-775e-4205-9b7d-0edf071a597d
[16-07-2022 20:41:46] Checking e778e1fc-d093-4afd-802d-bfd05a9a40c5
[16-07-2022 20:41:46] Directory: M:/Games/gmtk2022/gmtk2022/sprites/spr_hit_large/layers/e778e1fc-d093-4afd-802d-bfd05a9a40c5
[16-07-2022 20:41:46] Checking e3bfb30f-4e83-4734-81f2-48e24aa46d54
[16-07-2022 20:41:46] Directory: M:/Games/gmtk2022/gmtk2022/sprites/spr_hit_large/layers/e3bfb30f-4e83-4734-81f2-48e24aa46d54
[16-07-2022 20:41:46] Checking bdcc77d7-c388-475e-8d70-4f1ce97c1bfd
[16-07-2022 20:41:46] Directory: M:/Games/gmtk2022/gmtk2022/sprites/spr_hit_large/layers/bdcc77d7-c388-475e-8d70-4f1ce97c1bfd
[16-07-2022 20:41:46] Checking b6c6ff9b-4338-4862-809c-096961ff9f01
[16-07-2022 20:41:46] Directory: M:/Games/gmtk2022/gmtk2022/sprites/spr_hit_large/layers/b6c6ff9b-4338-4862-809c-096961ff9f01
[16-07-2022 20:41:46] Checking ab9b56a1-6c9b-41c8-838c-c873eab50db8
[16-07-2022 20:41:46] Directory: M:/Games/gmtk2022/gmtk2022/sprites/spr_hit_large/layers/ab9b56a1-6c9b-41c8-838c-c873eab50db8
[16-07-2022 20:41:46] Checking 8a932bd1-30c1-48cf-97a6-25d7c35e8d16
[16-07-2022 20:41:46] Directory: M:/Games/gmtk2022/gmtk2022/sprites/spr_hit_large/layers/8a932bd1-30c1-48cf-97a6-25d7c35e8d16
[16-07-2022 20:41:46] Checking 86b7ef28-d8ff-43e9-ba6d-ed83d4fa2ab1
[16-07-2022 20:41:46] Directory: M:/Games/gmtk2022/gmtk2022/sprites/spr_hit_large/layers/86b7ef28-d8ff-43e9-ba6d-ed83d4fa2ab1
[16-07-2022 20:41:46] Checking 5a361b64-8308-481b-81f4-83ea7ae0d6ec
[16-07-2022 20:41:46] Directory: M:/Games/gmtk2022/gmtk2022/sprites/spr_hit_large/layers/5a361b64-8308-481b-81f4-83ea7ae0d6ec
[16-07-2022 20:41:46] Checking 4bc46913-b513-44ed-bb82-b8c663ae06b8
[16-07-2022 20:41:46] Directory: M:/Games/gmtk2022/gmtk2022/sprites/spr_hit_large/layers/4bc46913-b513-44ed-bb82-b8c663ae06b8
[16-07-2022 20:41:46] Checking 0f886804-6b9e-45e2-85db-7c7aac41fdcb
[16-07-2022 20:41:46] Directory: M:/Games/gmtk2022/gmtk2022/sprites/spr_hit_large/layers/0f886804-6b9e-45e2-85db-7c7aac41fdcb
[16-07-2022 20:41:46] Checking 064fe9fb-f1d2-4603-8be9-256ae3c5a201
[16-07-2022 20:41:46] Directory: M:/Games/gmtk2022/gmtk2022/sprites/spr_hit_large/layers/064fe9fb-f1d2-4603-8be9-256ae3c5a201
[16-07-2022 20:41:46] Current parent directory: M:/Games/gmtk2022/gmtk2022/sprites/spr_hit_large/layers/064fe9fb-f1d2-4603-8be9-256ae3c5a201
[16-07-2022 20:41:46] Checking 3f1939cc-67ab-47d8-bc2d-b13b898a8f49.png
[16-07-2022 20:41:46] Current parent directory: M:/Games/gmtk2022/gmtk2022/sprites/spr_hit_large/layers/0f886804-6b9e-45e2-85db-7c7aac41fdcb
[16-07-2022 20:41:46] Checking 36526e7b-75a2-4861-9f8c-1495792a3533.png
[16-07-2022 20:41:46] Current parent directory: M:/Games/gmtk2022/gmtk2022/sprites/spr_hit_large/layers/4bc46913-b513-44ed-bb82-b8c663ae06b8
[16-07-2022 20:41:46] Checking 36526e7b-75a2-4861-9f8c-1495792a3533.png
[16-07-2022 20:41:46] Current parent directory: M:/Games/gmtk2022/gmtk2022/sprites/spr_hit_large/layers/5a361b64-8308-481b-81f4-83ea7ae0d6ec
[16-07-2022 20:41:46] Checking 3f1939cc-67ab-47d8-bc2d-b13b898a8f49.png
[16-07-2022 20:41:46] Current parent directory: M:/Games/gmtk2022/gmtk2022/sprites/spr_hit_large/layers/86b7ef28-d8ff-43e9-ba6d-ed83d4fa2ab1
[16-07-2022 20:41:46] Checking 36526e7b-75a2-4861-9f8c-1495792a3533.png
[16-07-2022 20:41:46] Current parent directory: M:/Games/gmtk2022/gmtk2022/sprites/spr_hit_large/layers/8a932bd1-30c1-48cf-97a6-25d7c35e8d16
[16-07-2022 20:41:46] Checking 3f1939cc-67ab-47d8-bc2d-b13b898a8f49.png
[16-07-2022 20:41:46] Current parent directory: M:/Games/gmtk2022/gmtk2022/sprites/spr_hit_large/layers/ab9b56a1-6c9b-41c8-838c-c873eab50db8
[16-07-2022 20:41:46] Checking 236f071c-d368-4637-959b-9d18b1773da2.png
[16-07-2022 20:41:46] Current parent directory: M:/Games/gmtk2022/gmtk2022/sprites/spr_hit_large/layers/b6c6ff9b-4338-4862-809c-096961ff9f01
[16-07-2022 20:41:46] Checking 8fe96810-2119-44b1-bdf4-1fc8ba42303a.png
[16-07-2022 20:41:46] Current parent directory: M:/Games/gmtk2022/gmtk2022/sprites/spr_hit_large/layers/bdcc77d7-c388-475e-8d70-4f1ce97c1bfd
[16-07-2022 20:41:46] Checking 36526e7b-75a2-4861-9f8c-1495792a3533.png
[16-07-2022 20:41:46] Current parent directory: M:/Games/gmtk2022/gmtk2022/sprites/spr_hit_large/layers/e3bfb30f-4e83-4734-81f2-48e24aa46d54
[16-07-2022 20:41:46] Checking 236f071c-d368-4637-959b-9d18b1773da2.png
[16-07-2022 20:41:46] Current parent directory: M:/Games/gmtk2022/gmtk2022/sprites/spr_hit_large/layers/e778e1fc-d093-4afd-802d-bfd05a9a40c5
[16-07-2022 20:41:46] Checking 236f071c-d368-4637-959b-9d18b1773da2.png
[16-07-2022 20:41:46] Current parent directory: M:/Games/gmtk2022/gmtk2022/sprites/spr_hit_large/layers/f2b3c9b9-775e-4205-9b7d-0edf071a597d
[16-07-2022 20:41:46] Checking 3f1939cc-67ab-47d8-bc2d-b13b898a8f49.png
[16-07-2022 20:41:46] Current parent directory: M:/Games/gmtk2022/gmtk2022/sprites/spr_hit_medium
[16-07-2022 20:41:46] Checking spr_hit_medium.yy
[16-07-2022 20:41:46] Parsing M:/Games/gmtk2022/gmtk2022/sprites/spr_hit_medium/spr_hit_medium.yy
[16-07-2022 20:41:46] Reading M:/Games/gmtk2022/gmtk2022/sprites/spr_hit_medium/spr_hit_medium.yy
[16-07-2022 20:41:46] Par: "folders/Sprites" at dir: "M:/Games/gmtk2022/gmtk2022/sprites/spr_hit_medium/spr_hit_medium.yy"
[16-07-2022 20:41:46] Found Sprite: spr_hit_medium
[16-07-2022 20:41:46] Checking layers
[16-07-2022 20:41:46] Directory: M:/Games/gmtk2022/gmtk2022/sprites/spr_hit_medium/layers
[16-07-2022 20:41:46] Checking f2b3c9b9-775e-4205-9b7d-0edf071a597d.png
[16-07-2022 20:41:46] Checking e778e1fc-d093-4afd-802d-bfd05a9a40c5.png
[16-07-2022 20:41:46] Checking e3bfb30f-4e83-4734-81f2-48e24aa46d54.png
[16-07-2022 20:41:46] Checking b6c6ff9b-4338-4862-809c-096961ff9f01.png
[16-07-2022 20:41:46] Checking ab9b56a1-6c9b-41c8-838c-c873eab50db8.png
[16-07-2022 20:41:46] Checking 8a932bd1-30c1-48cf-97a6-25d7c35e8d16.png
[16-07-2022 20:41:46] Checking 5a361b64-8308-481b-81f4-83ea7ae0d6ec.png
[16-07-2022 20:41:46] Checking 064fe9fb-f1d2-4603-8be9-256ae3c5a201.png
[16-07-2022 20:41:46] Current parent directory: M:/Games/gmtk2022/gmtk2022/sprites/spr_hit_medium/layers
[16-07-2022 20:41:46] Checking f2b3c9b9-775e-4205-9b7d-0edf071a597d
[16-07-2022 20:41:46] Directory: M:/Games/gmtk2022/gmtk2022/sprites/spr_hit_medium/layers/f2b3c9b9-775e-4205-9b7d-0edf071a597d
[16-07-2022 20:41:46] Checking e778e1fc-d093-4afd-802d-bfd05a9a40c5
[16-07-2022 20:41:46] Directory: M:/Games/gmtk2022/gmtk2022/sprites/spr_hit_medium/layers/e778e1fc-d093-4afd-802d-bfd05a9a40c5
[16-07-2022 20:41:46] Checking e3bfb30f-4e83-4734-81f2-48e24aa46d54
[16-07-2022 20:41:46] Directory: M:/Games/gmtk2022/gmtk2022/sprites/spr_hit_medium/layers/e3bfb30f-4e83-4734-81f2-48e24aa46d54
[16-07-2022 20:41:46] Checking b6c6ff9b-4338-4862-809c-096961ff9f01
[16-07-2022 20:41:46] Directory: M:/Games/gmtk2022/gmtk2022/sprites/spr_hit_medium/layers/b6c6ff9b-4338-4862-809c-096961ff9f01
[16-07-2022 20:41:46] Checking ab9b56a1-6c9b-41c8-838c-c873eab50db8
[16-07-2022 20:41:46] Directory: M:/Games/gmtk2022/gmtk2022/sprites/spr_hit_medium/layers/ab9b56a1-6c9b-41c8-838c-c873eab50db8
[16-07-2022 20:41:46] Checking 8a932bd1-30c1-48cf-97a6-25d7c35e8d16
[16-07-2022 20:41:46] Directory: M:/Games/gmtk2022/gmtk2022/sprites/spr_hit_medium/layers/8a932bd1-30c1-48cf-97a6-25d7c35e8d16
[16-07-2022 20:41:46] Checking 5a361b64-8308-481b-81f4-83ea7ae0d6ec
[16-07-2022 20:41:46] Directory: M:/Games/gmtk2022/gmtk2022/sprites/spr_hit_medium/layers/5a361b64-8308-481b-81f4-83ea7ae0d6ec
[16-07-2022 20:41:46] Checking 064fe9fb-f1d2-4603-8be9-256ae3c5a201
[16-07-2022 20:41:46] Directory: M:/Games/gmtk2022/gmtk2022/sprites/spr_hit_medium/layers/064fe9fb-f1d2-4603-8be9-256ae3c5a201
[16-07-2022 20:41:46] Current parent directory: M:/Games/gmtk2022/gmtk2022/sprites/spr_hit_medium/layers/064fe9fb-f1d2-4603-8be9-256ae3c5a201
[16-07-2022 20:41:46] Checking 3f1939cc-67ab-47d8-bc2d-b13b898a8f49.png
[16-07-2022 20:41:46] Current parent directory: M:/Games/gmtk2022/gmtk2022/sprites/spr_hit_medium/layers/5a361b64-8308-481b-81f4-83ea7ae0d6ec
[16-07-2022 20:41:46] Checking 3f1939cc-67ab-47d8-bc2d-b13b898a8f49.png
[16-07-2022 20:41:46] Current parent directory: M:/Games/gmtk2022/gmtk2022/sprites/spr_hit_medium/layers/8a932bd1-30c1-48cf-97a6-25d7c35e8d16
[16-07-2022 20:41:46] Checking 3f1939cc-67ab-47d8-bc2d-b13b898a8f49.png
[16-07-2022 20:41:46] Current parent directory: M:/Games/gmtk2022/gmtk2022/sprites/spr_hit_medium/layers/ab9b56a1-6c9b-41c8-838c-c873eab50db8
[16-07-2022 20:41:46] Checking 236f071c-d368-4637-959b-9d18b1773da2.png
[16-07-2022 20:41:46] Current parent directory: M:/Games/gmtk2022/gmtk2022/sprites/spr_hit_medium/layers/b6c6ff9b-4338-4862-809c-096961ff9f01
[16-07-2022 20:41:46] Checking 8fe96810-2119-44b1-bdf4-1fc8ba42303a.png
[16-07-2022 20:41:46] Current parent directory: M:/Games/gmtk2022/gmtk2022/sprites/spr_hit_medium/layers/e3bfb30f-4e83-4734-81f2-48e24aa46d54
[16-07-2022 20:41:46] Checking 236f071c-d368-4637-959b-9d18b1773da2.png
[16-07-2022 20:41:46] Current parent directory: M:/Games/gmtk2022/gmtk2022/sprites/spr_hit_medium/layers/e778e1fc-d093-4afd-802d-bfd05a9a40c5
[16-07-2022 20:41:46] Checking 236f071c-d368-4637-959b-9d18b1773da2.png
[16-07-2022 20:41:46] Current parent directory: M:/Games/gmtk2022/gmtk2022/sprites/spr_hit_medium/layers/f2b3c9b9-775e-4205-9b7d-0edf071a597d
[16-07-2022 20:41:46] Checking 3f1939cc-67ab-47d8-bc2d-b13b898a8f49.png
[16-07-2022 20:41:46] Current parent directory: M:/Games/gmtk2022/gmtk2022/sprites/spr_hit_small
[16-07-2022 20:41:46] Checking spr_hit_small.yy
[16-07-2022 20:41:46] Parsing M:/Games/gmtk2022/gmtk2022/sprites/spr_hit_small/spr_hit_small.yy
[16-07-2022 20:41:46] Reading M:/Games/gmtk2022/gmtk2022/sprites/spr_hit_small/spr_hit_small.yy
[16-07-2022 20:41:46] Par: "folders/Sprites" at dir: "M:/Games/gmtk2022/gmtk2022/sprites/spr_hit_small/spr_hit_small.yy"
[16-07-2022 20:41:46] Found Sprite: spr_hit_small
[16-07-2022 20:41:46] Checking layers
[16-07-2022 20:41:46] Directory: M:/Games/gmtk2022/gmtk2022/sprites/spr_hit_small/layers
[16-07-2022 20:41:46] Checking e778e1fc-d093-4afd-802d-bfd05a9a40c5.png
[16-07-2022 20:41:46] Checking e3bfb30f-4e83-4734-81f2-48e24aa46d54.png
[16-07-2022 20:41:46] Checking b6c6ff9b-4338-4862-809c-096961ff9f01.png
[16-07-2022 20:41:46] Checking ab9b56a1-6c9b-41c8-838c-c873eab50db8.png
[16-07-2022 20:41:46] Current parent directory: M:/Games/gmtk2022/gmtk2022/sprites/spr_hit_small/layers
[16-07-2022 20:41:46] Checking e778e1fc-d093-4afd-802d-bfd05a9a40c5
[16-07-2022 20:41:46] Directory: M:/Games/gmtk2022/gmtk2022/sprites/spr_hit_small/layers/e778e1fc-d093-4afd-802d-bfd05a9a40c5
[16-07-2022 20:41:46] Checking e3bfb30f-4e83-4734-81f2-48e24aa46d54
[16-07-2022 20:41:46] Directory: M:/Games/gmtk2022/gmtk2022/sprites/spr_hit_small/layers/e3bfb30f-4e83-4734-81f2-48e24aa46d54
[16-07-2022 20:41:46] Checking b6c6ff9b-4338-4862-809c-096961ff9f01
[16-07-2022 20:41:46] Directory: M:/Games/gmtk2022/gmtk2022/sprites/spr_hit_small/layers/b6c6ff9b-4338-4862-809c-096961ff9f01
[16-07-2022 20:41:46] Checking ab9b56a1-6c9b-41c8-838c-c873eab50db8
[16-07-2022 20:41:46] Directory: M:/Games/gmtk2022/gmtk2022/sprites/spr_hit_small/layers/ab9b56a1-6c9b-41c8-838c-c873eab50db8
[16-07-2022 20:41:46] Current parent directory: M:/Games/gmtk2022/gmtk2022/sprites/spr_hit_small/layers/ab9b56a1-6c9b-41c8-838c-c873eab50db8
[16-07-2022 20:41:46] Checking 236f071c-d368-4637-959b-9d18b1773da2.png
[16-07-2022 20:41:46] Current parent directory: M:/Games/gmtk2022/gmtk2022/sprites/spr_hit_small/layers/b6c6ff9b-4338-4862-809c-096961ff9f01
[16-07-2022 20:41:46] Checking 8fe96810-2119-44b1-bdf4-1fc8ba42303a.png
[16-07-2022 20:41:46] Current parent directory: M:/Games/gmtk2022/gmtk2022/sprites/spr_hit_small/layers/e3bfb30f-4e83-4734-81f2-48e24aa46d54
[16-07-2022 20:41:46] Checking 236f071c-d368-4637-959b-9d18b1773da2.png
[16-07-2022 20:41:46] Current parent directory: M:/Games/gmtk2022/gmtk2022/sprites/spr_hit_small/layers/e778e1fc-d093-4afd-802d-bfd05a9a40c5
[16-07-2022 20:41:46] Checking 236f071c-d368-4637-959b-9d18b1773da2.png
[16-07-2022 20:41:46] Current parent directory: M:/Games/gmtk2022/gmtk2022/sprites/spr_shooter
[16-07-2022 20:41:46] Checking spr_shooter.yy
[16-07-2022 20:41:46] Parsing M:/Games/gmtk2022/gmtk2022/sprites/spr_shooter/spr_shooter.yy
[16-07-2022 20:41:46] Reading M:/Games/gmtk2022/gmtk2022/sprites/spr_shooter/spr_shooter.yy
[16-07-2022 20:41:46] Par: "folders/Sprites" at dir: "M:/Games/gmtk2022/gmtk2022/sprites/spr_shooter/spr_shooter.yy"
[16-07-2022 20:41:46] Found Sprite: spr_shooter
[16-07-2022 20:41:46] Checking layers
[16-07-2022 20:41:46] Directory: M:/Games/gmtk2022/gmtk2022/sprites/spr_shooter/layers
[16-07-2022 20:41:46] Checking fb81dfe5-5708-4e36-92dd-3e13ea7c9af8.png
[16-07-2022 20:41:46] Current parent directory: M:/Games/gmtk2022/gmtk2022/sprites/spr_shooter/layers
[16-07-2022 20:41:46] Checking fb81dfe5-5708-4e36-92dd-3e13ea7c9af8
[16-07-2022 20:41:46] Directory: M:/Games/gmtk2022/gmtk2022/sprites/spr_shooter/layers/fb81dfe5-5708-4e36-92dd-3e13ea7c9af8
[16-07-2022 20:41:46] Current parent directory: M:/Games/gmtk2022/gmtk2022/sprites/spr_shooter/layers/fb81dfe5-5708-4e36-92dd-3e13ea7c9af8
[16-07-2022 20:41:46] Checking f6ce1adb-d2d1-4db9-aae6-2c7be243e706.png
[16-07-2022 20:41:46] Current parent directory: M:/Games/gmtk2022/gmtk2022/tilesets
[16-07-2022 20:41:46] Current parent directory: M:/Games/gmtk2022/gmtk2022/timelines
[16-07-2022 20:41:46] Moving files to trash...
[16-07-2022 20:41:46] Files yeeted successfully!
[16-07-2022 20:41:46] Generating YYP...
[16-07-2022 20:41:46] gmtk2022.yyp created successfully!
